Log file open, 07/17/22 18:10:16
LogWindows: Failed to load 'aqProf.dll' (GetLastError=126)
LogWindows: File 'aqProf.dll' does not exist
LogWindows: Failed to load 'VtuneApi.dll' (GetLastError=126)
LogWindows: File 'VtuneApi.dll' does not exist
LogWindows: Failed to load 'VtuneApi32e.dll' (GetLastError=126)
LogWindows: File 'VtuneApi32e.dll' does not exist
LogConsoleResponse: Display: Failed to find resolution value strings in scalability ini. Falling back to default.
LogConsoleResponse: Display: Failed to find resolution value strings in scalability ini. Falling back to default.
LogInit: Display: Running engine for game: Project1_Map
LogPlatformFile: Not using cached read wrapper
LogTaskGraph: Started task graph with 5 named threads and 59 total threads with 3 sets of task threads.
LogStats: Stats thread started at 0.192101
LogICUInternationalization: ICU TimeZone Detection - Raw Offset: +9:00, Platform Override: ''
LogInit: Display: Loading text-based GConfig....
LogPluginManager: Mounting plugin MeshPainting
LogPluginManager: Mounting plugin XGEController
LogPluginManager: Mounting plugin Paper2D
LogPluginManager: Mounting plugin EnvironmentQueryEditor
LogPluginManager: Mounting plugin AISupport
LogPluginManager: Mounting plugin LightPropagationVolume
LogPluginManager: Mounting plugin GameplayCameras
LogPluginManager: Mounting plugin CameraShakePreviewer
LogPluginManager: Mounting plugin OodleData
LogPluginManager: Mounting plugin OodleNetwork
LogPluginManager: Mounting plugin CLionSourceCodeAccess
LogPluginManager: Mounting plugin GitSourceControl
LogPluginManager: Mounting plugin CodeLiteSourceCodeAccess
LogPluginManager: Mounting plugin KDevelopSourceCodeAccess
LogPluginManager: Mounting plugin NullSourceCodeAccess
LogPluginManager: Mounting plugin PerforceSourceControl
LogPluginManager: Mounting plugin AnimationSharing
LogPluginManager: Mounting plugin PixWinPlugin
LogPluginManager: Mounting plugin PropertyAccessNode
LogPluginManager: Mounting plugin PluginUtils
LogPluginManager: Mounting plugin RiderSourceCodeAccess
LogPluginManager: Mounting plugin SubversionSourceControl
LogPluginManager: Mounting plugin PlasticSourceControl
LogPluginManager: Mounting plugin UObjectPlugin
LogPluginManager: Mounting plugin VisualStudioCodeSourceCodeAccess
LogPluginManager: Mounting plugin TextureFormatOodle
LogPluginManager: Mounting plugin VisualStudioSourceCodeAccess
LogPluginManager: Mounting plugin DatasmithContent
LogPluginManager: Mounting plugin XCodeSourceCodeAccess
LogPluginManager: Mounting plugin Niagara
LogPluginManager: Mounting plugin DataValidation
LogPluginManager: Mounting plugin AssetManagerEditor
LogPluginManager: Mounting plugin VariantManagerContent
LogPluginManager: Mounting plugin FacialAnimation
LogPluginManager: Mounting plugin GeometryMode
LogPluginManager: Mounting plugin CurveEditorTools
LogPluginManager: Mounting plugin GameplayTagsEditor
LogPluginManager: Mounting plugin MobileLauncherProfileWizard
LogPluginManager: Mounting plugin MaterialAnalyzer
LogPluginManager: Mounting plugin SpeedTreeImporter
LogPluginManager: Mounting plugin PluginBrowser
LogPluginManager: Mounting plugin AlembicImporter
LogPluginManager: Mounting plugin CryptoKeys
LogPluginManager: Mounting plugin BackChannel
LogPluginManager: Mounting plugin ChaosCloth
LogPluginManager: Mounting plugin ChaosEditor
LogPluginManager: Mounting plugin ChaosClothEditor
LogPluginManager: Mounting plugin MacGraphicsSwitching
LogPluginManager: Mounting plugin ChaosSolverPlugin
LogPluginManager: Mounting plugin ChaosNiagara
LogPluginManager: Mounting plugin AutomationUtils
LogPluginManager: Mounting plugin CharacterAI
LogPluginManager: Mounting plugin GeometryCollectionPlugin
LogPluginManager: Mounting plugin GeometryCache
LogPluginManager: Mounting plugin GeometryProcessing
LogPluginManager: Mounting plugin Landmass
LogPluginManager: Mounting plugin LuminPlatformFeatures
LogPluginManager: Mounting plugin MagicLeap
LogPluginManager: Mounting plugin MagicLeapMedia
LogPluginManager: Mounting plugin MotoSynth
LogPluginManager: Mounting plugin OpenImageDenoise
LogPluginManager: Mounting plugin MagicLeapLightEstimation
LogPluginManager: Mounting plugin ProxyLODPlugin
LogPluginManager: Mounting plugin PlanarCut
LogPluginManager: Mounting plugin MagicLeapPassableWorld
LogPluginManager: Mounting plugin PlatformCrypto
LogPluginManager: Mounting plugin SkeletalReduction
LogPluginManager: Mounting plugin PythonScriptPlugin
LogPluginManager: Mounting plugin AndroidMedia
LogPluginManager: Mounting plugin AvfMedia
LogPluginManager: Mounting plugin ImgMedia
LogPluginManager: Mounting plugin MediaCompositing
LogPluginManager: Mounting plugin MediaPlayerEditor
LogPluginManager: Mounting plugin WebMMedia
LogPluginManager: Mounting plugin UdpMessaging
LogPluginManager: Mounting plugin WmfMedia
LogPluginManager: Mounting plugin TcpMessaging
LogPluginManager: Mounting plugin MLSDK
LogPluginManager: Mounting plugin LauncherChunkInstaller
LogPluginManager: Mounting plugin ActorSequence
LogPluginManager: Mounting plugin MatineeToLevelSequence
LogPluginManager: Mounting plugin LevelSequenceEditor
LogPluginManager: Mounting plugin OnlineSubsystem
LogPluginManager: Mounting plugin OnlineSubsystemUtils
LogPluginManager: Mounting plugin OnlineSubsystemNull
LogPluginManager: Mounting plugin TemplateSequence
LogPluginManager: Mounting plugin ActorLayerUtilities
LogPluginManager: Mounting plugin AndroidMoviePlayer
LogPluginManager: Mounting plugin AndroidPermission
LogPluginManager: Mounting plugin ApexDestruction
LogPluginManager: Mounting plugin AndroidDeviceProfileSelector
LogPluginManager: Mounting plugin AppleImageUtils
LogPluginManager: Mounting plugin AppleMoviePlayer
LogPluginManager: Mounting plugin AssetTags
LogPluginManager: Mounting plugin CableComponent
LogPluginManager: Mounting plugin AudioSynesthesia
LogPluginManager: Mounting plugin CustomMeshComponent
LogPluginManager: Mounting plugin AudioCapture
LogPluginManager: Mounting plugin ArchVisCharacter
LogPluginManager: Mounting plugin ExampleDeviceProfileSelector
LogPluginManager: Mounting plugin ChunkDownloader
LogPluginManager: Mounting plugin GooglePAD
LogPluginManager: Mounting plugin GoogleCloudMessaging
LogPluginManager: Mounting plugin IOSDeviceProfileSelector
LogPluginManager: Mounting plugin LinuxDeviceProfileSelector
LogPluginManager: Mounting plugin MobilePatchingUtils
LogPluginManager: Mounting plugin EditableMesh
LogPluginManager: Mounting plugin OpenXREyeTracker
LogPluginManager: Mounting plugin OpenXR
LogPluginManager: Mounting plugin OpenXRHandTracking
LogPluginManager: Mounting plugin Takes
LogPluginManager: Mounting plugin ScreenshotTools
LogPluginManager: Mounting plugin ProceduralMeshComponent
LogPluginManager: Mounting plugin PropertyAccessEditor
LogPluginManager: Mounting plugin RuntimePhysXCooking
LogPluginManager: Mounting plugin PhysXVehicles
LogPluginManager: Mounting plugin PostSplashScreen
LogPluginManager: Mounting plugin LocationServicesBPLibrary
LogPluginManager: Mounting plugin SoundFields
LogPluginManager: Mounting plugin SignificanceManager
LogPluginManager: Mounting plugin Synthesis
LogPluginManager: Mounting plugin LiveLink
LogPluginManager: Mounting plugin WindowsMoviePlayer
LogPluginManager: Mounting plugin WebMMoviePlayer
LogPluginManager: Mounting plugin ContentBrowserAssetDataSource
LogPluginManager: Mounting plugin ContentBrowserFileDataSource
LogPluginManager: Mounting plugin ContentBrowserClassDataSource
LogPluginManager: Mounting plugin OnlineSubsystemGooglePlay
LogPluginManager: Mounting plugin OnlineSubsystemIOS
LogPluginManager: Mounting plugin OculusVR
LogPluginManager: Mounting plugin SteamVR
PixWinPlugin: PIX capture plugin failed to initialize! Check that the process is launched from PIX.
LogInit: Using libcurl 7.55.1-DEV
LogInit:  - built for x86_64-pc-win32
LogInit:  - supports SSL with OpenSSL/1.1.1
LogInit:  - supports HTTP deflate (compression) using libz 1.2.8
LogInit:  - other features:
LogInit:      CURL_VERSION_SSL
LogInit:      CURL_VERSION_LIBZ
LogInit:      CURL_VERSION_IPV6
LogInit:      CURL_VERSION_ASYNCHDNS
LogInit:      CURL_VERSION_LARGEFILE
LogInit:      CURL_VERSION_IDN
LogInit:  CurlRequestOptions (configurable via config and command line):
LogInit:  - bVerifyPeer = true  - Libcurl will verify peer certificate
LogInit:  - bUseHttpProxy = false  - Libcurl will NOT use HTTP proxy
LogInit:  - bDontReuseConnections = false  - Libcurl will reuse connections
LogInit:  - MaxHostConnections = 16  - Libcurl will limit the number of connections to a host
LogInit:  - LocalHostAddr = Default
LogInit:  - BufferSize = 65536
LogOnline: OSS: Creating online subsystem instance for: NULL
LogInit: WinSock: version 1.1 (2.2), MaxSocks=32767, MaxUdp=65467
LogOnline: OSS: TryLoadSubsystemAndSetDefault: Loaded subsystem for module [NULL]
LogOculusPluginWrapper: OculusPlugin initialized successfully
LogHMD: Failed initializing OVRPlugin 1.59.0
LogInit: Build: ++UE4+Release-4.27-CL-18319896
LogInit: Engine Version: 4.27.2-18319896+++UE4+Release-4.27
LogInit: Compatible Engine Version: 4.27.0-17155196+++UE4+Release-4.27
LogInit: Net CL: 17155196
LogInit: OS: Windows 10 (Release 2009) (), CPU: 12th Gen Intel(R) Core(TM) i9-12900H, GPU: NVIDIA GeForce RTX 3080 Ti Laptop GPU
LogInit: Compiled (64-bit): Nov 30 2021 07:12:08
LogInit: Compiled with Visual C++: 19.24.28315.00
LogInit: Build Configuration: Development
LogInit: Branch Name: ++UE4+Release-4.27
LogInit: Command Line: 
LogInit: Base Directory: C:/Program Files/Epic Games/UE_4.27/Engine/Binaries/Win64/
LogInit: Allocator: TBB
LogInit: Installed Engine Build: 1
LogDevObjectVersion: Number of dev versions registered: 29
LogDevObjectVersion:   Dev-Blueprints (B0D832E4-1F89-4F0D-ACCF-7EB736FD4AA2): 10
LogDevObjectVersion:   Dev-Build (E1C64328-A22C-4D53-A36C-8E866417BD8C): 0
LogDevObjectVersion:   Dev-Core (375EC13C-06E4-48FB-B500-84F0262A717E): 4
LogDevObjectVersion:   Dev-Editor (E4B068ED-F494-42E9-A231-DA0B2E46BB41): 40
LogDevObjectVersion:   Dev-Framework (CFFC743F-43B0-4480-9391-14DF171D2073): 37
LogDevObjectVersion:   Dev-Mobile (B02B49B5-BB20-44E9-A304-32B752E40360): 3
LogDevObjectVersion:   Dev-Networking (A4E4105C-59A1-49B5-A7C5-40C4547EDFEE): 0
LogDevObjectVersion:   Dev-Online (39C831C9-5AE6-47DC-9A44-9C173E1C8E7C): 0
LogDevObjectVersion:   Dev-Physics (78F01B33-EBEA-4F98-B9B4-84EACCB95AA2): 14
LogDevObjectVersion:   Dev-Platform (6631380F-2D4D-43E0-8009-CF276956A95A): 0
LogDevObjectVersion:   Dev-Rendering (12F88B9F-8875-4AFC-A67C-D90C383ABD29): 45
LogDevObjectVersion:   Dev-Sequencer (7B5AE74C-D270-4C10-A958-57980B212A5A): 13
LogDevObjectVersion:   Dev-VR (D7296918-1DD6-4BDD-9DE2-64A83CC13884): 3
LogDevObjectVersion:   Dev-LoadTimes (C2A15278-BFE7-4AFE-6C17-90FF531DF755): 1
LogDevObjectVersion:   Private-Geometry (6EACA3D4-40EC-4CC1-B786-8BED09428FC5): 3
LogDevObjectVersion:   Dev-AnimPhys (29E575DD-E0A3-4627-9D10-D276232CDCEA): 17
LogDevObjectVersion:   Dev-Anim (AF43A65D-7FD3-4947-9873-3E8ED9C1BB05): 15
LogDevObjectVersion:   Dev-ReflectionCapture (6B266CEC-1EC7-4B8F-A30B-E4D90942FC07): 1
LogDevObjectVersion:   Dev-Automation (0DF73D61-A23F-47EA-B727-89E90C41499A): 1
LogDevObjectVersion:   FortniteMain (601D1886-AC64-4F84-AA16-D3DE0DEAC7D6): 47
LogDevObjectVersion:   FortniteRelease (E7086368-6B23-4C58-8439-1B7016265E91): 1
LogDevObjectVersion:   Dev-Enterprise (9DFFBCD6-494F-0158-E221-12823C92A888): 10
LogDevObjectVersion:   Dev-Niagara (F2AED0AC-9AFE-416F-8664-AA7FFA26D6FC): 1
LogDevObjectVersion:   Dev-Destruction (174F1F0B-B4C6-45A5-B13F-2EE8D0FB917D): 10
LogDevObjectVersion:   Dev-Physics-Ext (35F94A83-E258-406C-A318-09F59610247C): 41
LogDevObjectVersion:   Dev-PhysicsMaterial-Chaos (B68FC16E-8B1B-42E2-B453-215C058844FE): 1
LogDevObjectVersion:   Dev-CineCamera (B2E18506-4273-CFC2-A54E-F4BB758BBA07): 1
LogDevObjectVersion:   Dev-VirtualProduction (64F58936-FD1B-42BA-BA96-7289D5D0FA4E): 1
LogDevObjectVersion:   Dev-MediaFramework (6F0ED827-A609-4895-9C91-998D90180EA4): 2
LogInit: Presizing for max 25165824 objects, including 0 objects not considered by GC, pre-allocating 0 bytes for permanent pool.
LogConfig: Applying CVar settings from Section [/Script/Engine.StreamingSettings] File [C:/Users/78h/OneDrive/Documents/Unreal Projects/DragonGame2/UEeditor/Project1_Map/Saved/Config/Windows/Engine.ini]
LogConfig: Setting CVar [[s.MinBulkDataSizeForAsyncLoading:131072]]
LogConfig: Setting CVar [[s.AsyncLoadingThreadEnabled:0]]
LogConfig: Setting CVar [[s.EventDrivenLoaderEnabled:1]]
LogConfig: Setting CVar [[s.WarnIfTimeLimitExceeded:0]]
LogConfig: Setting CVar [[s.TimeLimitExceededMultiplier:1.5]]
LogConfig: Setting CVar [[s.TimeLimitExceededMinTime:0.005]]
LogConfig: Setting CVar [[s.UseBackgroundLevelStreaming:1]]
LogConfig: Setting CVar [[s.PriorityAsyncLoadingExtraTime:15.0]]
LogConfig: Setting CVar [[s.LevelStreamingActorsUpdateTimeLimit:5.0]]
LogConfig: Setting CVar [[s.PriorityLevelStreamingActorsUpdateExtraTime:5.0]]
LogConfig: Setting CVar [[s.LevelStreamingComponentsRegistrationGranularity:10]]
LogConfig: Setting CVar [[s.UnregisterComponentsTimeLimit:1.0]]
LogConfig: Setting CVar [[s.LevelStreamingComponentsUnregistrationGranularity:5]]
LogConfig: Setting CVar [[s.FlushStreamingOnExit:1]]
LogInit: Object subsystem initialized
LogConfig: Setting CVar [[con.DebugEarlyDefault:1]]
LogConfig: Setting CVar [[r.setres:1280x720]]
[2022.07.17-09.10.17:622][  0]LogConfig: Setting CVar [[r.VSync:0]]
[2022.07.17-09.10.17:622][  0]LogConfig: Setting CVar [[r.RHICmdBypass:0]]
[2022.07.17-09.10.17:622][  0]LogConfig: Applying CVar settings from Section [/Script/Engine.RendererSettings] File [C:/Users/78h/OneDrive/Documents/Unreal Projects/DragonGame2/UEeditor/Project1_Map/Saved/Config/Windows/Engine.ini]
[2022.07.17-09.10.17:622][  0]LogConfig: Setting CVar [[r.GPUCrashDebugging:0]]
[2022.07.17-09.10.17:622][  0]LogConfig: Setting CVar [[r.DefaultFeature.AutoExposure:0]]
[2022.07.17-09.10.17:622][  0]LogConfig: Setting CVar [[r.DefaultFeature.AutoExposure.Method:2]]
[2022.07.17-09.10.17:622][  0]LogConfig: Applying CVar settings from Section [/Script/Engine.RendererOverrideSettings] File [C:/Users/78h/OneDrive/Documents/Unreal Projects/DragonGame2/UEeditor/Project1_Map/Saved/Config/Windows/Engine.ini]
[2022.07.17-09.10.17:623][  0]LogConfig: Applying CVar settings from Section [/Script/Engine.StreamingSettings] File [C:/Users/78h/OneDrive/Documents/Unreal Projects/DragonGame2/UEeditor/Project1_Map/Saved/Config/Windows/Engine.ini]
[2022.07.17-09.10.17:623][  0]LogConfig: Setting CVar [[s.MinBulkDataSizeForAsyncLoading:131072]]
[2022.07.17-09.10.17:623][  0]LogConfig: Setting CVar [[s.AsyncLoadingThreadEnabled:0]]
[2022.07.17-09.10.17:623][  0]LogConfig: Setting CVar [[s.EventDrivenLoaderEnabled:1]]
[2022.07.17-09.10.17:623][  0]LogConfig: Setting CVar [[s.WarnIfTimeLimitExceeded:0]]
[2022.07.17-09.10.17:623][  0]LogConfig: Setting CVar [[s.TimeLimitExceededMultiplier:1.5]]
[2022.07.17-09.10.17:623][  0]LogConfig: Setting CVar [[s.TimeLimitExceededMinTime:0.005]]
[2022.07.17-09.10.17:623][  0]LogConfig: Setting CVar [[s.UseBackgroundLevelStreaming:1]]
[2022.07.17-09.10.17:623][  0]LogConfig: Setting CVar [[s.PriorityAsyncLoadingExtraTime:15.0]]
[2022.07.17-09.10.17:623][  0]LogConfig: Setting CVar [[s.LevelStreamingActorsUpdateTimeLimit:5.0]]
[2022.07.17-09.10.17:623][  0]LogConfig: Setting CVar [[s.PriorityLevelStreamingActorsUpdateExtraTime:5.0]]
[2022.07.17-09.10.17:623][  0]LogConfig: Setting CVar [[s.LevelStreamingComponentsRegistrationGranularity:10]]
[2022.07.17-09.10.17:623][  0]LogConfig: Setting CVar [[s.UnregisterComponentsTimeLimit:1.0]]
[2022.07.17-09.10.17:623][  0]LogConfig: Setting CVar [[s.LevelStreamingComponentsUnregistrationGranularity:5]]
[2022.07.17-09.10.17:623][  0]LogConfig: Setting CVar [[s.FlushStreamingOnExit:1]]
[2022.07.17-09.10.17:623][  0]LogConfig: Applying CVar settings from Section [/Script/Engine.GarbageCollectionSettings] File [C:/Users/78h/OneDrive/Documents/Unreal Projects/DragonGame2/UEeditor/Project1_Map/Saved/Config/Windows/Engine.ini]
[2022.07.17-09.10.17:623][  0]LogConfig: Setting CVar [[gc.MaxObjectsNotConsideredByGC:1]]
[2022.07.17-09.10.17:623][  0]LogConfig: Setting CVar [[gc.SizeOfPermanentObjectPool:0]]
[2022.07.17-09.10.17:623][  0]LogConfig: Setting CVar [[gc.FlushStreamingOnGC:0]]
[2022.07.17-09.10.17:623][  0]LogConfig: Setting CVar [[gc.NumRetriesBeforeForcingGC:10]]
[2022.07.17-09.10.17:623][  0]LogConfig: Setting CVar [[gc.AllowParallelGC:1]]
[2022.07.17-09.10.17:623][  0]LogConfig: Setting CVar [[gc.TimeBetweenPurgingPendingKillObjects:61.1]]
[2022.07.17-09.10.17:623][  0]LogConfig: Setting CVar [[gc.MaxObjectsInEditor:25165824]]
[2022.07.17-09.10.17:623][  0]LogConfig: Setting CVar [[gc.IncrementalBeginDestroyEnabled:1]]
[2022.07.17-09.10.17:623][  0]LogConfig: Setting CVar [[gc.CreateGCClusters:1]]
[2022.07.17-09.10.17:623][  0]LogConfig: Setting CVar [[gc.MinGCClusterSize:5]]
[2022.07.17-09.10.17:623][  0]LogConfig: Setting CVar [[gc.ActorClusteringEnabled:0]]
[2022.07.17-09.10.17:623][  0]LogConfig: Setting CVar [[gc.BlueprintClusteringEnabled:0]]
[2022.07.17-09.10.17:623][  0]LogConfig: Setting CVar [[gc.UseDisregardForGCOnDedicatedServers:0]]
[2022.07.17-09.10.17:623][  0]LogConfig: Setting CVar [[gc.MultithreadedDestructionEnabled:1]]
[2022.07.17-09.10.17:623][  0]LogConfig: Applying CVar settings from Section [/Script/Engine.NetworkSettings] File [C:/Users/78h/OneDrive/Documents/Unreal Projects/DragonGame2/UEeditor/Project1_Map/Saved/Config/Windows/Engine.ini]
[2022.07.17-09.10.17:623][  0]LogConfig: Applying CVar settings from Section [/Script/UnrealEd.CookerSettings] File [C:/Users/78h/OneDrive/Documents/Unreal Projects/DragonGame2/UEeditor/Project1_Map/Saved/Config/Windows/Engine.ini]
[2022.07.17-09.10.17:635][  0]LogConfig: Applying CVar settings from Section [ViewDistanceQuality@3] File [C:/Users/78h/OneDrive/Documents/Unreal Projects/DragonGame2/UEeditor/Project1_Map/Saved/Config/Windows/Scalability.ini]
[2022.07.17-09.10.17:635][  0]LogConfig: Setting CVar [[r.SkeletalMeshLODBias:0]]
[2022.07.17-09.10.17:635][  0]LogConfig: Setting CVar [[r.ViewDistanceScale:1.0]]
[2022.07.17-09.10.17:635][  0]LogConfig: Applying CVar settings from Section [AntiAliasingQuality@3] File [C:/Users/78h/OneDrive/Documents/Unreal Projects/DragonGame2/UEeditor/Project1_Map/Saved/Config/Windows/Scalability.ini]
[2022.07.17-09.10.17:635][  0]LogConfig: Setting CVar [[r.PostProcessAAQuality:4]]
[2022.07.17-09.10.17:635][  0]LogConfig: Applying CVar settings from Section [ShadowQuality@3] File [C:/Users/78h/OneDrive/Documents/Unreal Projects/DragonGame2/UEeditor/Project1_Map/Saved/Config/Windows/Scalability.ini]
[2022.07.17-09.10.17:635][  0]LogConfig: Setting CVar [[r.LightFunctionQuality:1]]
[2022.07.17-09.10.17:635][  0]LogConfig: Setting CVar [[r.ShadowQuality:5]]
[2022.07.17-09.10.17:635][  0]LogConfig: Setting CVar [[r.Shadow.CSM.MaxCascades:10]]
[2022.07.17-09.10.17:635][  0]LogConfig: Setting CVar [[r.Shadow.MaxResolution:2048]]
[2022.07.17-09.10.17:635][  0]LogConfig: Setting CVar [[r.Shadow.MaxCSMResolution:2048]]
[2022.07.17-09.10.17:635][  0]LogConfig: Setting CVar [[r.Shadow.RadiusThreshold:0.01]]
[2022.07.17-09.10.17:635][  0]LogConfig: Setting CVar [[r.Shadow.DistanceScale:1.0]]
[2022.07.17-09.10.17:635][  0]LogConfig: Setting CVar [[r.Shadow.CSM.TransitionScale:1.0]]
[2022.07.17-09.10.17:635][  0]LogConfig: Setting CVar [[r.Shadow.PreShadowResolutionFactor:1.0]]
[2022.07.17-09.10.17:635][  0]LogConfig: Setting CVar [[r.DistanceFieldShadowing:1]]
[2022.07.17-09.10.17:635][  0]LogConfig: Setting CVar [[r.DistanceFieldAO:1]]
[2022.07.17-09.10.17:635][  0]LogConfig: Setting CVar [[r.AOQuality:2]]
[2022.07.17-09.10.17:635][  0]LogConfig: Setting CVar [[r.VolumetricFog:1]]
[2022.07.17-09.10.17:636][  0]LogConfig: Setting CVar [[r.VolumetricFog.GridPixelSize:8]]
[2022.07.17-09.10.17:636][  0]LogConfig: Setting CVar [[r.VolumetricFog.GridSizeZ:128]]
[2022.07.17-09.10.17:636][  0]LogConfig: Setting CVar [[r.VolumetricFog.HistoryMissSupersampleCount:4]]
[2022.07.17-09.10.17:636][  0]LogConfig: Setting CVar [[r.LightMaxDrawDistanceScale:1]]
[2022.07.17-09.10.17:636][  0]LogConfig: Setting CVar [[r.CapsuleShadows:1]]
[2022.07.17-09.10.17:636][  0]LogConfig: Applying CVar settings from Section [PostProcessQuality@3] File [C:/Users/78h/OneDrive/Documents/Unreal Projects/DragonGame2/UEeditor/Project1_Map/Saved/Config/Windows/Scalability.ini]
[2022.07.17-09.10.17:636][  0]LogConfig: Setting CVar [[r.MotionBlurQuality:4]]
[2022.07.17-09.10.17:636][  0]LogConfig: Setting CVar [[r.AmbientOcclusionMipLevelFactor:0.4]]
[2022.07.17-09.10.17:636][  0]LogConfig: Setting CVar [[r.AmbientOcclusionMaxQuality:100]]
[2022.07.17-09.10.17:636][  0]LogConfig: Setting CVar [[r.AmbientOcclusionLevels:-1]]
[2022.07.17-09.10.17:636][  0]LogConfig: Setting CVar [[r.AmbientOcclusionRadiusScale:1.0]]
[2022.07.17-09.10.17:636][  0]LogConfig: Setting CVar [[r.DepthOfFieldQuality:2]]
[2022.07.17-09.10.17:636][  0]LogConfig: Setting CVar [[r.RenderTargetPoolMin:400]]
[2022.07.17-09.10.17:636][  0]LogConfig: Setting CVar [[r.LensFlareQuality:2]]
[2022.07.17-09.10.17:636][  0]LogConfig: Setting CVar [[r.SceneColorFringeQuality:1]]
[2022.07.17-09.10.17:636][  0]LogConfig: Setting CVar [[r.EyeAdaptationQuality:2]]
[2022.07.17-09.10.17:636][  0]LogConfig: Setting CVar [[r.BloomQuality:5]]
[2022.07.17-09.10.17:636][  0]LogConfig: Setting CVar [[r.FastBlurThreshold:100]]
[2022.07.17-09.10.17:636][  0]LogConfig: Setting CVar [[r.Upscale.Quality:3]]
[2022.07.17-09.10.17:636][  0]LogConfig: Setting CVar [[r.Tonemapper.GrainQuantization:1]]
[2022.07.17-09.10.17:636][  0]LogConfig: Setting CVar [[r.LightShaftQuality:1]]
[2022.07.17-09.10.17:636][  0]LogConfig: Setting CVar [[r.Filter.SizeScale:1]]
[2022.07.17-09.10.17:636][  0]LogConfig: Setting CVar [[r.Tonemapper.Quality:5]]
[2022.07.17-09.10.17:636][  0]LogConfig: Setting CVar [[r.DOF.Gather.AccumulatorQuality:1        ; higher gathering accumulator quality]]
[2022.07.17-09.10.17:636][  0]LogConfig: Setting CVar [[r.DOF.Gather.PostfilterMethod:1          ; Median3x3 postfilering method]]
[2022.07.17-09.10.17:636][  0]LogConfig: Setting CVar [[r.DOF.Gather.EnableBokehSettings:0       ; no bokeh simulation when gathering]]
[2022.07.17-09.10.17:636][  0]LogConfig: Setting CVar [[r.DOF.Gather.RingCount:4                 ; medium number of samples when gathering]]
[2022.07.17-09.10.17:636][  0]LogConfig: Setting CVar [[r.DOF.Scatter.ForegroundCompositing:1    ; additive foreground scattering]]
[2022.07.17-09.10.17:636][  0]LogConfig: Setting CVar [[r.DOF.Scatter.BackgroundCompositing:2    ; additive background scattering]]
[2022.07.17-09.10.17:636][  0]LogConfig: Setting CVar [[r.DOF.Scatter.EnableBokehSettings:1      ; bokeh simulation when scattering]]
[2022.07.17-09.10.17:636][  0]LogConfig: Setting CVar [[r.DOF.Scatter.MaxSpriteRatio:0.1         ; only a maximum of 10% of scattered bokeh]]
[2022.07.17-09.10.17:636][  0]LogConfig: Setting CVar [[r.DOF.Recombine.Quality:1                ; cheap slight out of focus]]
[2022.07.17-09.10.17:636][  0]LogConfig: Setting CVar [[r.DOF.Recombine.EnableBokehSettings:0    ; no bokeh simulation on slight out of focus]]
[2022.07.17-09.10.17:636][  0]LogConfig: Setting CVar [[r.DOF.TemporalAAQuality:1                ; more stable temporal accumulation]]
[2022.07.17-09.10.17:636][  0]LogConfig: Setting CVar [[r.DOF.Kernel.MaxForegroundRadius:0.025]]
[2022.07.17-09.10.17:636][  0]LogConfig: Setting CVar [[r.DOF.Kernel.MaxBackgroundRadius:0.025]]
[2022.07.17-09.10.17:636][  0]LogConfig: Applying CVar settings from Section [TextureQuality@3] File [C:/Users/78h/OneDrive/Documents/Unreal Projects/DragonGame2/UEeditor/Project1_Map/Saved/Config/Windows/Scalability.ini]
[2022.07.17-09.10.17:636][  0]LogConfig: Setting CVar [[r.Streaming.MipBias:0]]
[2022.07.17-09.10.17:636][  0]LogConfig: Setting CVar [[r.Streaming.AmortizeCPUToGPUCopy:0]]
[2022.07.17-09.10.17:636][  0]LogConfig: Setting CVar [[r.Streaming.MaxNumTexturesToStreamPerFrame:0]]
[2022.07.17-09.10.17:636][  0]LogConfig: Setting CVar [[r.Streaming.Boost:1]]
[2022.07.17-09.10.17:636][  0]LogConfig: Setting CVar [[r.MaxAnisotropy:8]]
[2022.07.17-09.10.17:636][  0]LogConfig: Setting CVar [[r.VT.MaxAnisotropy:8]]
[2022.07.17-09.10.17:636][  0]LogConfig: Setting CVar [[r.Streaming.LimitPoolSizeToVRAM:0]]
[2022.07.17-09.10.17:636][  0]LogConfig: Setting CVar [[r.Streaming.PoolSize:1000]]
[2022.07.17-09.10.17:636][  0]LogConfig: Setting CVar [[r.Streaming.MaxEffectiveScreenSize:0]]
[2022.07.17-09.10.17:636][  0]LogConfig: Applying CVar settings from Section [EffectsQuality@3] File [C:/Users/78h/OneDrive/Documents/Unreal Projects/DragonGame2/UEeditor/Project1_Map/Saved/Config/Windows/Scalability.ini]
[2022.07.17-09.10.17:636][  0]LogConfig: Setting CVar [[r.TranslucencyLightingVolumeDim:64]]
[2022.07.17-09.10.17:636][  0]LogConfig: Setting CVar [[r.RefractionQuality:2]]
[2022.07.17-09.10.17:636][  0]LogConfig: Setting CVar [[r.SSR.Quality:3]]
[2022.07.17-09.10.17:636][  0]LogConfig: Setting CVar [[r.SSR.HalfResSceneColor:0]]
[2022.07.17-09.10.17:636][  0]LogConfig: Setting CVar [[r.SceneColorFormat:4]]
[2022.07.17-09.10.17:636][  0]LogConfig: Setting CVar [[r.DetailMode:2]]
[2022.07.17-09.10.17:636][  0]LogConfig: Setting CVar [[r.TranslucencyVolumeBlur:1]]
[2022.07.17-09.10.17:636][  0]LogConfig: Setting CVar [[r.MaterialQualityLevel:1 ; High quality]]
[2022.07.17-09.10.17:636][  0]LogConfig: Setting CVar [[r.AnisotropicMaterials:1]]
[2022.07.17-09.10.17:636][  0]LogConfig: Setting CVar [[r.SSS.Scale:1]]
[2022.07.17-09.10.17:636][  0]LogConfig: Setting CVar [[r.SSS.SampleSet:2]]
[2022.07.17-09.10.17:636][  0]LogConfig: Setting CVar [[r.SSS.Quality:1]]
[2022.07.17-09.10.17:636][  0]LogConfig: Setting CVar [[r.SSS.HalfRes:0]]
[2022.07.17-09.10.17:636][  0]LogConfig: Setting CVar [[r.SSGI.Quality:3]]
[2022.07.17-09.10.17:636][  0]LogConfig: Setting CVar [[r.EmitterSpawnRateScale:1.0]]
[2022.07.17-09.10.17:636][  0]LogConfig: Setting CVar [[r.ParticleLightQuality:2]]
[2022.07.17-09.10.17:636][  0]LogConfig: Setting CVar [[r.SkyAtmosphere.AerialPerspectiveLUT.FastApplyOnOpaque:1 ; Always have FastSkyLUT 1 in this case to avoid wrong sky]]
[2022.07.17-09.10.17:636][  0]LogConfig: Setting CVar [[r.SkyAtmosphere.AerialPerspectiveLUT.SampleCountMaxPerSlice:4]]
[2022.07.17-09.10.17:636][  0]LogConfig: Setting CVar [[r.SkyAtmosphere.AerialPerspectiveLUT.DepthResolution:16.0]]
[2022.07.17-09.10.17:636][  0]LogConfig: Setting CVar [[r.SkyAtmosphere.FastSkyLUT:1]]
[2022.07.17-09.10.17:636][  0]LogConfig: Setting CVar [[r.SkyAtmosphere.FastSkyLUT.SampleCountMin:4.0]]
[2022.07.17-09.10.17:636][  0]LogConfig: Setting CVar [[r.SkyAtmosphere.FastSkyLUT.SampleCountMax:128.0]]
[2022.07.17-09.10.17:636][  0]LogConfig: Setting CVar [[r.SkyAtmosphere.SampleCountMin:4.0]]
[2022.07.17-09.10.17:636][  0]LogConfig: Setting CVar [[r.SkyAtmosphere.SampleCountMax:128.0]]
[2022.07.17-09.10.17:636][  0]LogConfig: Setting CVar [[r.SkyAtmosphere.TransmittanceLUT.UseSmallFormat:0]]
[2022.07.17-09.10.17:636][  0]LogConfig: Setting CVar [[r.SkyAtmosphere.TransmittanceLUT.SampleCount:10.0]]
[2022.07.17-09.10.17:636][  0]LogConfig: Setting CVar [[r.SkyAtmosphere.MultiScatteringLUT.SampleCount:15.0]]
[2022.07.17-09.10.17:636][  0]LogConfig: Setting CVar [[r.SkyLight.RealTimeReflectionCapture:1]]
[2022.07.17-09.10.17:636][  0]LogConfig: Applying CVar settings from Section [FoliageQuality@3] File [C:/Users/78h/OneDrive/Documents/Unreal Projects/DragonGame2/UEeditor/Project1_Map/Saved/Config/Windows/Scalability.ini]
[2022.07.17-09.10.17:636][  0]LogConfig: Setting CVar [[foliage.DensityScale:1.0]]
[2022.07.17-09.10.17:636][  0]LogConfig: Setting CVar [[grass.DensityScale:1.0]]
[2022.07.17-09.10.17:636][  0]LogConfig: Applying CVar settings from Section [ShadingQuality@3] File [C:/Users/78h/OneDrive/Documents/Unreal Projects/DragonGame2/UEeditor/Project1_Map/Saved/Config/Windows/Scalability.ini]
[2022.07.17-09.10.17:636][  0]LogConfig: Setting CVar [[r.HairStrands.SkyLighting.IntegrationType:2]]
[2022.07.17-09.10.17:636][  0]LogConfig: Setting CVar [[r.HairStrands.SkyAO.SampleCount:4]]
[2022.07.17-09.10.17:636][  0]LogConfig: Setting CVar [[r.HairStrands.Visibility.MSAA.SamplePerPixel:4]]
[2022.07.17-09.10.17:636][  0]LogInit: Selected Device Profile: [Windows]
[2022.07.17-09.10.17:636][  0]LogInit: Applying CVar settings loaded from the selected device profile: [Windows]
[2022.07.17-09.10.17:636][  0]LogHAL: Display: Platform has ~ 32 GB [34027700224 / 34359738368 / 32], which maps to Largest [LargestMinGB=32, LargerMinGB=12, DefaultMinGB=8, SmallerMinGB=6, SmallestMinGB=0)
[2022.07.17-09.10.17:636][  0]LogInit: Going up to parent DeviceProfile []
[2022.07.17-09.10.17:636][  0]LogConfig: Applying CVar settings from Section [ViewDistanceQuality@3] File [C:/Users/78h/OneDrive/Documents/Unreal Projects/DragonGame2/UEeditor/Project1_Map/Saved/Config/Windows/Scalability.ini]
[2022.07.17-09.10.17:636][  0]LogConfig: Setting CVar [[r.SkeletalMeshLODBias:0]]
[2022.07.17-09.10.17:636][  0]LogConfig: Setting CVar [[r.ViewDistanceScale:1.0]]
[2022.07.17-09.10.17:636][  0]LogConfig: Applying CVar settings from Section [AntiAliasingQuality@3] File [C:/Users/78h/OneDrive/Documents/Unreal Projects/DragonGame2/UEeditor/Project1_Map/Saved/Config/Windows/Scalability.ini]
[2022.07.17-09.10.17:636][  0]LogConfig: Setting CVar [[r.PostProcessAAQuality:4]]
[2022.07.17-09.10.17:636][  0]LogConfig: Applying CVar settings from Section [ShadowQuality@3] File [C:/Users/78h/OneDrive/Documents/Unreal Projects/DragonGame2/UEeditor/Project1_Map/Saved/Config/Windows/Scalability.ini]
[2022.07.17-09.10.17:636][  0]LogConfig: Setting CVar [[r.LightFunctionQuality:1]]
[2022.07.17-09.10.17:636][  0]LogConfig: Setting CVar [[r.ShadowQuality:5]]
[2022.07.17-09.10.17:636][  0]LogConfig: Setting CVar [[r.Shadow.CSM.MaxCascades:10]]
[2022.07.17-09.10.17:636][  0]LogConfig: Setting CVar [[r.Shadow.MaxResolution:2048]]
[2022.07.17-09.10.17:636][  0]LogConfig: Setting CVar [[r.Shadow.MaxCSMResolution:2048]]
[2022.07.17-09.10.17:636][  0]LogConfig: Setting CVar [[r.Shadow.RadiusThreshold:0.01]]
[2022.07.17-09.10.17:636][  0]LogConfig: Setting CVar [[r.Shadow.DistanceScale:1.0]]
[2022.07.17-09.10.17:636][  0]LogConfig: Setting CVar [[r.Shadow.CSM.TransitionScale:1.0]]
[2022.07.17-09.10.17:636][  0]LogConfig: Setting CVar [[r.Shadow.PreShadowResolutionFactor:1.0]]
[2022.07.17-09.10.17:636][  0]LogConfig: Setting CVar [[r.DistanceFieldShadowing:1]]
[2022.07.17-09.10.17:636][  0]LogConfig: Setting CVar [[r.DistanceFieldAO:1]]
[2022.07.17-09.10.17:636][  0]LogConfig: Setting CVar [[r.AOQuality:2]]
[2022.07.17-09.10.17:636][  0]LogConfig: Setting CVar [[r.VolumetricFog:1]]
[2022.07.17-09.10.17:636][  0]LogConfig: Setting CVar [[r.VolumetricFog.GridPixelSize:8]]
[2022.07.17-09.10.17:636][  0]LogConfig: Setting CVar [[r.VolumetricFog.GridSizeZ:128]]
[2022.07.17-09.10.17:636][  0]LogConfig: Setting CVar [[r.VolumetricFog.HistoryMissSupersampleCount:4]]
[2022.07.17-09.10.17:636][  0]LogConfig: Setting CVar [[r.LightMaxDrawDistanceScale:1]]
[2022.07.17-09.10.17:636][  0]LogConfig: Setting CVar [[r.CapsuleShadows:1]]
[2022.07.17-09.10.17:636][  0]LogConfig: Applying CVar settings from Section [PostProcessQuality@3] File [C:/Users/78h/OneDrive/Documents/Unreal Projects/DragonGame2/UEeditor/Project1_Map/Saved/Config/Windows/Scalability.ini]
[2022.07.17-09.10.17:636][  0]LogConfig: Setting CVar [[r.MotionBlurQuality:4]]
[2022.07.17-09.10.17:636][  0]LogConfig: Setting CVar [[r.AmbientOcclusionMipLevelFactor:0.4]]
[2022.07.17-09.10.17:636][  0]LogConfig: Setting CVar [[r.AmbientOcclusionMaxQuality:100]]
[2022.07.17-09.10.17:636][  0]LogConfig: Setting CVar [[r.AmbientOcclusionLevels:-1]]
[2022.07.17-09.10.17:636][  0]LogConfig: Setting CVar [[r.AmbientOcclusionRadiusScale:1.0]]
[2022.07.17-09.10.17:636][  0]LogConfig: Setting CVar [[r.DepthOfFieldQuality:2]]
[2022.07.17-09.10.17:636][  0]LogConfig: Setting CVar [[r.RenderTargetPoolMin:400]]
[2022.07.17-09.10.17:636][  0]LogConfig: Setting CVar [[r.LensFlareQuality:2]]
[2022.07.17-09.10.17:636][  0]LogConfig: Setting CVar [[r.SceneColorFringeQuality:1]]
[2022.07.17-09.10.17:636][  0]LogConfig: Setting CVar [[r.EyeAdaptationQuality:2]]
[2022.07.17-09.10.17:636][  0]LogConfig: Setting CVar [[r.BloomQuality:5]]
[2022.07.17-09.10.17:636][  0]LogConfig: Setting CVar [[r.FastBlurThreshold:100]]
[2022.07.17-09.10.17:636][  0]LogConfig: Setting CVar [[r.Upscale.Quality:3]]
[2022.07.17-09.10.17:636][  0]LogConfig: Setting CVar [[r.Tonemapper.GrainQuantization:1]]
[2022.07.17-09.10.17:636][  0]LogConfig: Setting CVar [[r.LightShaftQuality:1]]
[2022.07.17-09.10.17:636][  0]LogConfig: Setting CVar [[r.Filter.SizeScale:1]]
[2022.07.17-09.10.17:636][  0]LogConfig: Setting CVar [[r.Tonemapper.Quality:5]]
[2022.07.17-09.10.17:636][  0]LogConfig: Setting CVar [[r.DOF.Gather.AccumulatorQuality:1        ; higher gathering accumulator quality]]
[2022.07.17-09.10.17:636][  0]LogConfig: Setting CVar [[r.DOF.Gather.PostfilterMethod:1          ; Median3x3 postfilering method]]
[2022.07.17-09.10.17:636][  0]LogConfig: Setting CVar [[r.DOF.Gather.EnableBokehSettings:0       ; no bokeh simulation when gathering]]
[2022.07.17-09.10.17:636][  0]LogConfig: Setting CVar [[r.DOF.Gather.RingCount:4                 ; medium number of samples when gathering]]
[2022.07.17-09.10.17:636][  0]LogConfig: Setting CVar [[r.DOF.Scatter.ForegroundCompositing:1    ; additive foreground scattering]]
[2022.07.17-09.10.17:636][  0]LogConfig: Setting CVar [[r.DOF.Scatter.BackgroundCompositing:2    ; additive background scattering]]
[2022.07.17-09.10.17:636][  0]LogConfig: Setting CVar [[r.DOF.Scatter.EnableBokehSettings:1      ; bokeh simulation when scattering]]
[2022.07.17-09.10.17:636][  0]LogConfig: Setting CVar [[r.DOF.Scatter.MaxSpriteRatio:0.1         ; only a maximum of 10% of scattered bokeh]]
[2022.07.17-09.10.17:636][  0]LogConfig: Setting CVar [[r.DOF.Recombine.Quality:1                ; cheap slight out of focus]]
[2022.07.17-09.10.17:636][  0]LogConfig: Setting CVar [[r.DOF.Recombine.EnableBokehSettings:0    ; no bokeh simulation on slight out of focus]]
[2022.07.17-09.10.17:636][  0]LogConfig: Setting CVar [[r.DOF.TemporalAAQuality:1                ; more stable temporal accumulation]]
[2022.07.17-09.10.17:636][  0]LogConfig: Setting CVar [[r.DOF.Kernel.MaxForegroundRadius:0.025]]
[2022.07.17-09.10.17:636][  0]LogConfig: Setting CVar [[r.DOF.Kernel.MaxBackgroundRadius:0.025]]
[2022.07.17-09.10.17:636][  0]LogConfig: Applying CVar settings from Section [TextureQuality@3] File [C:/Users/78h/OneDrive/Documents/Unreal Projects/DragonGame2/UEeditor/Project1_Map/Saved/Config/Windows/Scalability.ini]
[2022.07.17-09.10.17:636][  0]LogConfig: Setting CVar [[r.Streaming.MipBias:0]]
[2022.07.17-09.10.17:636][  0]LogConfig: Setting CVar [[r.Streaming.AmortizeCPUToGPUCopy:0]]
[2022.07.17-09.10.17:636][  0]LogConfig: Setting CVar [[r.Streaming.MaxNumTexturesToStreamPerFrame:0]]
[2022.07.17-09.10.17:636][  0]LogConfig: Setting CVar [[r.Streaming.Boost:1]]
[2022.07.17-09.10.17:636][  0]LogConfig: Setting CVar [[r.MaxAnisotropy:8]]
[2022.07.17-09.10.17:636][  0]LogConfig: Setting CVar [[r.VT.MaxAnisotropy:8]]
[2022.07.17-09.10.17:636][  0]LogConfig: Setting CVar [[r.Streaming.LimitPoolSizeToVRAM:0]]
[2022.07.17-09.10.17:636][  0]LogConfig: Setting CVar [[r.Streaming.PoolSize:1000]]
[2022.07.17-09.10.17:637][  0]LogConfig: Setting CVar [[r.Streaming.MaxEffectiveScreenSize:0]]
[2022.07.17-09.10.17:637][  0]LogConfig: Applying CVar settings from Section [EffectsQuality@3] File [C:/Users/78h/OneDrive/Documents/Unreal Projects/DragonGame2/UEeditor/Project1_Map/Saved/Config/Windows/Scalability.ini]
[2022.07.17-09.10.17:637][  0]LogConfig: Setting CVar [[r.TranslucencyLightingVolumeDim:64]]
[2022.07.17-09.10.17:637][  0]LogConfig: Setting CVar [[r.RefractionQuality:2]]
[2022.07.17-09.10.17:637][  0]LogConfig: Setting CVar [[r.SSR.Quality:3]]
[2022.07.17-09.10.17:637][  0]LogConfig: Setting CVar [[r.SSR.HalfResSceneColor:0]]
[2022.07.17-09.10.17:637][  0]LogConfig: Setting CVar [[r.SceneColorFormat:4]]
[2022.07.17-09.10.17:637][  0]LogConfig: Setting CVar [[r.DetailMode:2]]
[2022.07.17-09.10.17:637][  0]LogConfig: Setting CVar [[r.TranslucencyVolumeBlur:1]]
[2022.07.17-09.10.17:637][  0]LogConfig: Setting CVar [[r.MaterialQualityLevel:1 ; High quality]]
[2022.07.17-09.10.17:637][  0]LogConfig: Setting CVar [[r.AnisotropicMaterials:1]]
[2022.07.17-09.10.17:637][  0]LogConfig: Setting CVar [[r.SSS.Scale:1]]
[2022.07.17-09.10.17:637][  0]LogConfig: Setting CVar [[r.SSS.SampleSet:2]]
[2022.07.17-09.10.17:637][  0]LogConfig: Setting CVar [[r.SSS.Quality:1]]
[2022.07.17-09.10.17:637][  0]LogConfig: Setting CVar [[r.SSS.HalfRes:0]]
[2022.07.17-09.10.17:637][  0]LogConfig: Setting CVar [[r.SSGI.Quality:3]]
[2022.07.17-09.10.17:637][  0]LogConfig: Setting CVar [[r.EmitterSpawnRateScale:1.0]]
[2022.07.17-09.10.17:637][  0]LogConfig: Setting CVar [[r.ParticleLightQuality:2]]
[2022.07.17-09.10.17:637][  0]LogConfig: Setting CVar [[r.SkyAtmosphere.AerialPerspectiveLUT.FastApplyOnOpaque:1 ; Always have FastSkyLUT 1 in this case to avoid wrong sky]]
[2022.07.17-09.10.17:637][  0]LogConfig: Setting CVar [[r.SkyAtmosphere.AerialPerspectiveLUT.SampleCountMaxPerSlice:4]]
[2022.07.17-09.10.17:637][  0]LogConfig: Setting CVar [[r.SkyAtmosphere.AerialPerspectiveLUT.DepthResolution:16.0]]
[2022.07.17-09.10.17:637][  0]LogConfig: Setting CVar [[r.SkyAtmosphere.FastSkyLUT:1]]
[2022.07.17-09.10.17:637][  0]LogConfig: Setting CVar [[r.SkyAtmosphere.FastSkyLUT.SampleCountMin:4.0]]
[2022.07.17-09.10.17:637][  0]LogConfig: Setting CVar [[r.SkyAtmosphere.FastSkyLUT.SampleCountMax:128.0]]
[2022.07.17-09.10.17:637][  0]LogConfig: Setting CVar [[r.SkyAtmosphere.SampleCountMin:4.0]]
[2022.07.17-09.10.17:637][  0]LogConfig: Setting CVar [[r.SkyAtmosphere.SampleCountMax:128.0]]
[2022.07.17-09.10.17:637][  0]LogConfig: Setting CVar [[r.SkyAtmosphere.TransmittanceLUT.UseSmallFormat:0]]
[2022.07.17-09.10.17:637][  0]LogConfig: Setting CVar [[r.SkyAtmosphere.TransmittanceLUT.SampleCount:10.0]]
[2022.07.17-09.10.17:637][  0]LogConfig: Setting CVar [[r.SkyAtmosphere.MultiScatteringLUT.SampleCount:15.0]]
[2022.07.17-09.10.17:637][  0]LogConfig: Setting CVar [[r.SkyLight.RealTimeReflectionCapture:1]]
[2022.07.17-09.10.17:637][  0]LogConfig: Applying CVar settings from Section [FoliageQuality@3] File [C:/Users/78h/OneDrive/Documents/Unreal Projects/DragonGame2/UEeditor/Project1_Map/Saved/Config/Windows/Scalability.ini]
[2022.07.17-09.10.17:637][  0]LogConfig: Setting CVar [[foliage.DensityScale:1.0]]
[2022.07.17-09.10.17:637][  0]LogConfig: Setting CVar [[grass.DensityScale:1.0]]
[2022.07.17-09.10.17:637][  0]LogConfig: Applying CVar settings from Section [ShadingQuality@3] File [C:/Users/78h/OneDrive/Documents/Unreal Projects/DragonGame2/UEeditor/Project1_Map/Saved/Config/Windows/Scalability.ini]
[2022.07.17-09.10.17:637][  0]LogConfig: Setting CVar [[r.HairStrands.SkyLighting.IntegrationType:2]]
[2022.07.17-09.10.17:637][  0]LogConfig: Setting CVar [[r.HairStrands.SkyAO.SampleCount:4]]
[2022.07.17-09.10.17:637][  0]LogConfig: Setting CVar [[r.HairStrands.Visibility.MSAA.SamplePerPixel:4]]
[2022.07.17-09.10.17:637][  0]LogConfig: Applying CVar settings from Section [Startup] File [../../../Engine/Config/ConsoleVariables.ini]
[2022.07.17-09.10.17:637][  0]LogConfig: Setting CVar [[net.UseAdaptiveNetUpdateFrequency:0]]
[2022.07.17-09.10.17:637][  0]LogConfig: Setting CVar [[p.chaos.AllowCreatePhysxBodies:1]]
[2022.07.17-09.10.17:637][  0]LogConfig: Setting CVar [[fx.SkipVectorVMBackendOptimizations:1]]
[2022.07.17-09.10.17:637][  0]LogConfig: Applying CVar settings from Section [ConsoleVariables] File [C:/Users/78h/OneDrive/Documents/Unreal Projects/DragonGame2/UEeditor/Project1_Map/Saved/Config/Windows/Engine.ini]
[2022.07.17-09.10.17:637][  0]LogConfig: Applying CVar settings from Section [ConsoleVariables] File [C:/Users/78h/OneDrive/Documents/Unreal Projects/DragonGame2/UEeditor/Project1_Map/Saved/Config/Windows/Editor.ini]
[2022.07.17-09.10.17:637][  0]LogInit: Computer: HOLYWATER
[2022.07.17-09.10.17:637][  0]LogInit: User: 78h
[2022.07.17-09.10.17:637][  0]LogInit: CPU Page size=4096, Cores=14
[2022.07.17-09.10.17:637][  0]LogInit: High frequency timer resolution =10.000000 MHz
[2022.07.17-09.10.17:637][  0]LogMemory: Memory total: Physical=31.7GB (32GB approx)
[2022.07.17-09.10.17:637][  0]LogMemory: Platform Memory Stats for Windows
[2022.07.17-09.10.17:637][  0]LogMemory: Process Physical Memory: 153.77 MB used, 155.59 MB peak
[2022.07.17-09.10.17:637][  0]LogMemory: Process Virtual Memory: 137.12 MB used, 137.12 MB peak
[2022.07.17-09.10.17:637][  0]LogMemory: Physical Memory: 9960.38 MB used,  22490.97 MB free, 32451.34 MB total
[2022.07.17-09.10.17:637][  0]LogMemory: Virtual Memory: 134194128.00 MB used,  23600.13 MB free, 134217728.00 MB total
[2022.07.17-09.10.17:642][  0]LogWindows: WindowsPlatformFeatures enabled
[2022.07.17-09.10.17:665][  0]LogInit: Physics initialised using underlying interface: PhysX
[2022.07.17-09.10.17:666][  0]LogInit: Overriding language with editor language configuration option (en).
[2022.07.17-09.10.17:666][  0]LogInit: Using OS detected locale (ko-KR).
[2022.07.17-09.10.17:790][  0]LogInit: Setting process to per monitor DPI aware
[2022.07.17-09.10.17:818][  0]LogWindowsTextInputMethodSystem: Display: IME system deactivated.
[2022.07.17-09.10.17:826][  0]LogSlate: New Slate User Created.  User Index 0, Is Virtual User: 0
[2022.07.17-09.10.17:826][  0]LogSlate: Slate User Registered.  User Index 0, Is Virtual User: 0
[2022.07.17-09.10.17:885][  0]LogD3D11RHI: Loaded GFSDK_Aftermath_Lib.x64.dll
[2022.07.17-09.10.17:888][  0]LogHMD: Failed to initialize OpenVR with code 110
[2022.07.17-09.10.17:888][  0]LogD3D11RHI: D3D11 min allowed feature level: 11_0
[2022.07.17-09.10.17:888][  0]LogD3D11RHI: D3D11 max allowed feature level: 11_0
[2022.07.17-09.10.17:888][  0]LogD3D11RHI: D3D11 adapters:
[2022.07.17-09.10.17:957][  0]LogD3D11RHI:    0. 'NVIDIA GeForce RTX 3080 Ti Laptop GPU' (Feature Level 11_0)
[2022.07.17-09.10.17:957][  0]LogD3D11RHI:       16199/0/16225 MB DedicatedVideo/DedicatedSystem/SharedSystem, Outputs:2, VendorId:0x10de
[2022.07.17-09.10.17:960][  0]LogD3D11RHI:    1. 'Microsoft Basic Render Driver' (Feature Level 11_0)
[2022.07.17-09.10.17:960][  0]LogD3D11RHI:       0/0/16225 MB DedicatedVideo/DedicatedSystem/SharedSystem, Outputs:0, VendorId:0x1414
[2022.07.17-09.10.17:960][  0]LogD3D11RHI: Chosen D3D11 Adapter:
[2022.07.17-09.10.17:960][  0]LogD3D11RHI:     Description : NVIDIA GeForce RTX 3080 Ti Laptop GPU
[2022.07.17-09.10.17:960][  0]LogD3D11RHI:     VendorId    : 10de
[2022.07.17-09.10.17:960][  0]LogD3D11RHI:     DeviceId    : 2420
[2022.07.17-09.10.17:960][  0]LogD3D11RHI:     SubSysId    : 201b1a58
[2022.07.17-09.10.17:960][  0]LogD3D11RHI:     Revision    : 00a1
[2022.07.17-09.10.17:960][  0]LogD3D11RHI:     DedicatedVideoMemory : 16985882624 bytes
[2022.07.17-09.10.17:960][  0]LogD3D11RHI:     DedicatedSystemMemory : 0 bytes
[2022.07.17-09.10.17:960][  0]LogD3D11RHI:     SharedSystemMemory : 17013850112 bytes
[2022.07.17-09.10.17:960][  0]LogD3D11RHI:     AdapterLuid : 0 63039
[2022.07.17-09.10.17:966][  0]LogD3D11RHI: Creating new Direct3DDevice
[2022.07.17-09.10.17:966][  0]LogD3D11RHI:     GPU DeviceId: 0x2420 (for the marketing name, search the web for "GPU Device Id")
[2022.07.17-09.10.17:966][  0]LogWindows: EnumDisplayDevices:
[2022.07.17-09.10.17:966][  0]LogWindows:    0. 'NVIDIA GeForce RTX 3080 Ti Laptop GPU' (P:1 D:1)
[2022.07.17-09.10.17:966][  0]LogWindows:    1. 'NVIDIA GeForce RTX 3080 Ti Laptop GPU' (P:0 D:1)
[2022.07.17-09.10.17:966][  0]LogWindows:    2. 'NVIDIA GeForce RTX 3080 Ti Laptop GPU' (P:0 D:0)
[2022.07.17-09.10.17:967][  0]LogWindows:    3. 'NVIDIA GeForce RTX 3080 Ti Laptop GPU' (P:0 D:0)
[2022.07.17-09.10.17:967][  0]LogWindows: DebugString: FoundDriverCount:4 
[2022.07.17-09.10.17:967][  0]LogD3D11RHI:     Adapter Name: NVIDIA GeForce RTX 3080 Ti Laptop GPU
[2022.07.17-09.10.17:967][  0]LogD3D11RHI:   Driver Version: 516.59 (internal:31.0.15.1659, unified:516.59)
[2022.07.17-09.10.17:967][  0]LogD3D11RHI:      Driver Date: 6-23-2022
[2022.07.17-09.10.17:967][  0]LogRHI: Texture pool is 11339 MB (70% of 16199 MB)
[2022.07.17-09.10.17:967][  0]LogD3D11RHI: Creating D3DDevice using adapter:
[2022.07.17-09.10.17:967][  0]LogD3D11RHI:     Description : NVIDIA GeForce RTX 3080 Ti Laptop GPU
[2022.07.17-09.10.17:967][  0]LogD3D11RHI:     VendorId    : 10de
[2022.07.17-09.10.17:967][  0]LogD3D11RHI:     DeviceId    : 2420
[2022.07.17-09.10.17:967][  0]LogD3D11RHI:     SubSysId    : 201b1a58
[2022.07.17-09.10.17:967][  0]LogD3D11RHI:     Revision    : 00a1
[2022.07.17-09.10.17:967][  0]LogD3D11RHI:     DedicatedVideoMemory : 16985882624 bytes
[2022.07.17-09.10.17:967][  0]LogD3D11RHI:     DedicatedSystemMemory : 0 bytes
[2022.07.17-09.10.17:967][  0]LogD3D11RHI:     SharedSystemMemory : 17013850112 bytes
[2022.07.17-09.10.17:967][  0]LogD3D11RHI:     AdapterLuid : 0 63039
[2022.07.17-09.10.18:017][  0]LogD3D11RHI: RHI has support for 64 bit atomics
[2022.07.17-09.10.18:017][  0]LogD3D11RHI: Async texture creation enabled
[2022.07.17-09.10.18:017][  0]LogD3D11RHI: Array index from any shader is supported
[2022.07.17-09.10.18:019][  0]LogD3D11RHI: HDR output is supported on display 1 (NvId: 0x80061085).
[2022.07.17-09.10.18:038][  0]LogD3D11RHI: GPU Timing Frequency: 1000.000000 (Debug: 2 1)
[2022.07.17-09.10.18:049][  0]LogRHI: GeForceNow SDK initialized: 1
[2022.07.17-09.10.18:433][  0]LogTargetPlatformManager: Display: Loaded TargetPlatform 'AllDesktop'
[2022.07.17-09.10.18:447][  0]LogTargetPlatformManager: Display: Loaded TargetPlatform 'Android'
[2022.07.17-09.10.18:447][  0]LogTargetPlatformManager: Display: Loaded TargetPlatform 'Android_ASTC'
[2022.07.17-09.10.18:447][  0]LogTargetPlatformManager: Display: Loaded TargetPlatform 'Android_DXT'
[2022.07.17-09.10.18:447][  0]LogTargetPlatformManager: Display: Loaded TargetPlatform 'Android_ETC2'
[2022.07.17-09.10.18:447][  0]LogTargetPlatformManager: Display: Loaded TargetPlatform 'AndroidClient'
[2022.07.17-09.10.18:447][  0]LogTargetPlatformManager: Display: Loaded TargetPlatform 'Android_ASTCClient'
[2022.07.17-09.10.18:447][  0]LogTargetPlatformManager: Display: Loaded TargetPlatform 'Android_DXTClient'
[2022.07.17-09.10.18:447][  0]LogTargetPlatformManager: Display: Loaded TargetPlatform 'Android_ETC2Client'
[2022.07.17-09.10.18:447][  0]LogTargetPlatformManager: Display: Loaded TargetPlatform 'Android_Multi'
[2022.07.17-09.10.18:447][  0]LogTargetPlatformManager: Display: Loaded TargetPlatform 'Android_MultiClient'
[2022.07.17-09.10.18:461][  0]LogTargetPlatformManager: Display: Loaded TargetPlatform 'IOSClient'
[2022.07.17-09.10.18:461][  0]LogTargetPlatformManager: Display: Loaded TargetPlatform 'IOS'
[2022.07.17-09.10.18:467][  0]LogTargetPlatformManager: Display: Loaded TargetPlatform 'Linux'
[2022.07.17-09.10.18:471][  0]LogTargetPlatformManager: Display: Loaded TargetPlatform 'LinuxNoEditor'
[2022.07.17-09.10.18:474][  0]LogTargetPlatformManager: Display: Loaded TargetPlatform 'LinuxClient'
[2022.07.17-09.10.18:477][  0]LogTargetPlatformManager: Display: Loaded TargetPlatform 'LinuxServer'
[2022.07.17-09.10.18:485][  0]LogTargetPlatformManager: Display: Loaded TargetPlatform 'LinuxAArch64NoEditor'
[2022.07.17-09.10.18:488][  0]LogTargetPlatformManager: Display: Loaded TargetPlatform 'LinuxAArch64Client'
[2022.07.17-09.10.18:491][  0]LogTargetPlatformManager: Display: Loaded TargetPlatform 'LinuxAArch64Server'
[2022.07.17-09.10.18:507][  0]LogTargetPlatformManager: Display: Loaded TargetPlatform 'Lumin'
[2022.07.17-09.10.18:507][  0]LogTargetPlatformManager: Display: Loaded TargetPlatform 'LuminClient'
[2022.07.17-09.10.18:513][  0]LogTargetPlatformManager: Display: Loaded TargetPlatform 'MacNoEditor'
[2022.07.17-09.10.18:516][  0]LogTargetPlatformManager: Display: Loaded TargetPlatform 'Mac'
[2022.07.17-09.10.18:519][  0]LogTargetPlatformManager: Display: Loaded TargetPlatform 'MacClient'
[2022.07.17-09.10.18:522][  0]LogTargetPlatformManager: Display: Loaded TargetPlatform 'MacServer'
[2022.07.17-09.10.18:529][  0]LogTargetPlatformManager: Display: Loaded TargetPlatform 'TVOSClient'
[2022.07.17-09.10.18:529][  0]LogTargetPlatformManager: Display: Loaded TargetPlatform 'TVOS'
[2022.07.17-09.10.18:537][  0]LogTargetPlatformManager: Display: Loaded TargetPlatform 'WindowsNoEditor'
[2022.07.17-09.10.18:540][  0]LogTargetPlatformManager: Display: Loaded TargetPlatform 'Windows'
[2022.07.17-09.10.18:544][  0]LogTargetPlatformManager: Display: Loaded TargetPlatform 'WindowsClient'
[2022.07.17-09.10.18:547][  0]LogTargetPlatformManager: Display: Loaded TargetPlatform 'WindowsServer'
[2022.07.17-09.10.18:547][  0]LogTargetPlatformManager: Display: Building Assets For Windows
[2022.07.17-09.10.18:552][  0]LogAudioDebug: Display: Lib vorbis DLL was dynamically loaded.
[2022.07.17-09.10.18:572][  0]LogTextureFormatOodle: Display: Oodle Texture 2.9.0 init RDO Off
[2022.07.17-09.10.18:594][  0]LogRendererCore: Ray tracing is disabled. Reason: r.RayTracing=0.
[2022.07.17-09.10.18:594][  0]LogShaderCompilers: Guid format shader working directory is -53 characters bigger than the processId version (../../../../../../Users/78h/OneDrive/Documents/Unreal Projects/DragonGame2/UEeditor/Project1_Map/Intermediate/Shaders/WorkingDirectory/27844/).
[2022.07.17-09.10.18:594][  0]LogShaderCompilers: Cleaned the shader compiler working directory 'C:/Users/78h/AppData/Local/Temp/UnrealShaderWorkingDir/9C66D966433C13DD6C6A0EB1A9245DD4/'.
[2022.07.17-09.10.18:594][  0]LogXGEController: Cannot use XGE Controller as Incredibuild is not installed on this machine.
[2022.07.17-09.10.18:594][  0]LogShaderCompilers: Cannot use XGE Shader Compiler as Incredibuild is not installed on this machine.
[2022.07.17-09.10.18:594][  0]LogShaderCompilers: Display: Using Local Shader Compiler.
[2022.07.17-09.10.19:283][  0]LogDerivedDataCache: Display: Max Cache Size: 512 MB
[2022.07.17-09.10.19:343][  0]LogDerivedDataCache: Loaded boot cache 0.06s 94MB C:/Users/78h/AppData/Local/UnrealEngine/4.27/DerivedDataCache/Boot.ddc.
[2022.07.17-09.10.19:343][  0]LogDerivedDataCache: Display: Loaded Boot cache: C:/Users/78h/AppData/Local/UnrealEngine/4.27/DerivedDataCache/Boot.ddc
[2022.07.17-09.10.19:343][  0]LogDerivedDataCache: FDerivedDataBackendGraph:  Pak pak cache file ../../../../../../Users/78h/OneDrive/Documents/Unreal Projects/DragonGame2/UEeditor/Project1_Map/DerivedDataCache/DDC.ddp not found, will not use a pak cache.
[2022.07.17-09.10.19:343][  0]LogDerivedDataCache: Unable to find inner node Pak for hierarchical cache Hierarchy.
[2022.07.17-09.10.19:343][  0]LogDerivedDataCache: FDerivedDataBackendGraph:  CompressedPak pak cache file ../../../../../../Users/78h/OneDrive/Documents/Unreal Projects/DragonGame2/UEeditor/Project1_Map/DerivedDataCache/Compressed.ddp not found, will not use a pak cache.
[2022.07.17-09.10.19:343][  0]LogDerivedDataCache: Unable to find inner node CompressedPak for hierarchical cache Hierarchy.
[2022.07.17-09.10.19:363][  0]LogDerivedDataCache: Display: Pak cache opened for reading ../../../Engine/DerivedDataCache/Compressed.ddp.
[2022.07.17-09.10.19:363][  0]LogDerivedDataCache: FDerivedDataBackendGraph:  EnterprisePak pak cache file ../../../Enterprise/DerivedDataCache/Compressed.ddp not found, will not use a pak cache.
[2022.07.17-09.10.19:363][  0]LogDerivedDataCache: Unable to find inner node EnterprisePak for hierarchical cache Hierarchy.
[2022.07.17-09.10.19:378][  0]LogDerivedDataCache: Speed tests for C:/Users/78h/AppData/Local/UnrealEngine/Common/DerivedDataCache took 0.01 seconds
[2022.07.17-09.10.19:378][  0]LogDerivedDataCache: Display: Performance to C:/Users/78h/AppData/Local/UnrealEngine/Common/DerivedDataCache: Latency=0.02ms. RandomReadSpeed=185.16MBs, RandomWriteSpeed=100.39MBs. Assigned SpeedClass 'Local'
[2022.07.17-09.10.19:379][  0]LogDerivedDataCache: Using Local data cache path C:/Users/78h/AppData/Local/UnrealEngine/Common/DerivedDataCache: Writable
[2022.07.17-09.10.19:379][  0]LogDerivedDataCache: Shared data cache path not found in *engine.ini, will not use an Shared cache.
[2022.07.17-09.10.19:379][  0]LogDerivedDataCache: Unable to find inner node Shared for hierarchical cache Hierarchy.
[2022.07.17-09.10.19:443][  0]LogSlate: Using FreeType 2.10.0
[2022.07.17-09.10.19:443][  0]LogSlate: SlateFontServices - WITH_FREETYPE: 1, WITH_HARFBUZZ: 1
[2022.07.17-09.10.19:472][  0]LogAssetRegistry: FAssetRegistry took 0.0039 seconds to start up
[2022.07.17-09.10.19:728][  0]LogInit: Selected Device Profile: [Windows]
[2022.07.17-09.10.19:728][  0]LogInit: Active device profile: [000002485EBE6C00][000002484ECCA900 49] Windows
[2022.07.17-09.10.19:728][  0]LogInit: Profiles: [000002485EBE6C00][000002484ECCA900 49] Windows, [000002485EB65800][000002484ECCEB80 49] WindowsNoEditor, [000002485EBE6200][000002484ECD2E00 49] WindowsServer, [000002485EB66100][000002484ECDB0C0 49] WindowsClient, [000002485EBE5B00][000002484ECDF380 49] IOS, [000002485EB65000][000002484ECE3640 49] iPadAir, [000002485EBE7200][000002484ECE7900 49] iPadAir2, [000002485EAFD900][000002485CE902C0 49] IPadPro, [000002485EAFDA00][000002485CE80300 49] iPadAir3, [000002485EB65F00][000002485CE885C0 49] iPadAir4, [000002485EAFE900][000002485CE84880 49] iPadMini2, [000002485EB64900][000002485CE8CB40 49] iPadMini3, [000002485EAFF600][000002484ECD6DC0 49] iPadMini4, [000002485EB66700][000002485CE9F040 49] iPadMini5, [000002485EB29200][000002485CEB7580 49] iPhone6, [000002485EB29300][000002485CEA75C0 49] iPodTouch6, [000002485EBE6800][000002485CEBFB00 49] iPhone7, [000002485EBE6300][000002485CEAFB40 49] iPodTouch7, [000002485EAFEC00][000002485CEB2280 49] iPhone5S, [000002485EAFE300][000002485CEAA540 49] iPhone6Plus, [000002485EB29000][000002485CEBA800 49] iPhone6S, [000002485EAFC600][000002485CEC2AC0 49] iPhone6SPlus, [000002485EB2B600][000002485CEC6D80 49] iPhone7Plus, [000002485EAFE500][000002485CEA3000 49] iPhoneSE, [000002485EB29100][000002485CECB280 49] iPhone8, [000002485EAFEA00][000002485CED3540 49] iPhone8Plus, [000002485EB2A600][000002485CED7800 49] iPhoneX, [000002485EAFFA00][000002485CEDBAC0 49] iPhoneXS, [000002485EB2A100][000002485CEDE200 49] iPhoneXSMax, [000002485EAFD200][000002485CEE24C0 49] iPhoneXR, [000002485EB29800][000002485CEE6780 49] iPhone11, [000002485EAFF200][000002485CEEAA40 49] iPhone11Pro, [000002485EB2B300][000002485CEEED00 49] iPhone11ProMax, [000002485EAFF400][000002485CEF2FC0 49] iPhoneSE2, [000002485EB28C00][000002485CECF240 49] iPhone12Mini, [000002485EBE5700][000002485CEF74C0 49] iPhone12, [000002485EB2AE00][000002485CEFF780 49] iPhone12Pro, [000002485EBE7600][000002485CF03A40 49] iPhone12ProMax, [000002485EB28600][000002485CF06180 49] iPadPro105, [000002485EBE6600][000002485CF0A440 49] iPadPro129, [000002485EB2A200][000002485CF0E700 49] iPadPro97, [000002485EBE4200][000002485CF129C0 49] iPadPro2_129, [000002485EB29400][000002485CF3CC80 49] iPad5, [000002485EBE5C00][000002485CF40F40 49] iPad6, [000002485EB2AF00][000002485CFCF200 49] iPad7, [000002485EBE4300][000002485CEFB480 49] iPad8, [000002485EB28200][000002485D089700 49] iPadPro11, [000002485EBE4400][000002485C8819C0 49] iPadPro2_11, [000002485EB2A300][000002485C92E100 49] iPadPro3_129, [000002485EBE4800][000002485CA083C0 49] iPadPro4_129, [000002485EB2A000][000002485C392680 49] AppleTV, [000002485EBE4F00][000002485C3A2940 49] AppleTV4K, [000002485EB2A500][000002484EB52C00 49] TVOS, [000002485EBE4C00][000002484EB64EC0 49] Mac, [000002485EB29F00][000002484EBB5180 49] MacClient, [000002485EBE4B00][000002485CBD1440 49] MacNoEditor, [000002485EB2A400][000002485D08D6C0 49] MacServer, [000002485EBE5100][000002484EBC5940 49] Linux, [000002485EB29600][000002484EBCDC00 49] LinuxAArch64, [000002485EBE6A00][000002484EBE4340 49] LinuxNoEditor, [000002485EB2AB00][000002484EBEE600 49] LinuxAArch64NoEditor, [000002485EBE5E00][000002484EBF28C0 49] LinuxClient, [000002485EB28300][000002484EC00B80 49] LinuxAArch64Client, [000002485EBE6000][000002484EC04E40 49] LinuxServer, [000002485EB28B00][000002484EC09100 49] LinuxAArch64Server, [000002485EBE6700][000002484EC0D3C0 49] Android, [000002485EB29E00][000002485CB4D680 49] Android_Low, [000002485EBE5A00][000002484EBC9900 49] Android_Mid, [000002485EB29700][000002485CB6BB80 49] Android_High, [000002485EBE5800][000002485CB762C0 49] Android_Default, [000002485EB29B00][000002485CB8E580 49] Android_Adreno4xx, [000002485EBE7300][000002485CFB4840 49] Android_Adreno5xx_Low, [000002485EB28700][000002485CFFCB00 49] Android_Adreno5xx, [000002485EAFDD00][000002485D014DC0 49] Android_Adreno6xx, [000002485EB66B00][000002485D025080 49] Android_Adreno6xx_Vulkan, [000002485EAFED00][000002485D049340 49] Android_Mali_T6xx, [000002485EB66E00][000002485D06F600 49] Android_Mali_T7xx, [000002485EAFCA00][000002485C88D8C0 49] Android_Mali_T8xx, [000002485EB66900][000002485CB73B40 49] Android_Mali_G71, [000002485EAFDB00][000002485C8B8240 49] Android_Mali_G72, [000002485EB64F00][000002485C8F4500 49] Android_Mali_G72_Vulkan, [000002485EAFF300][000002485C8F87C0 49] Android_Mali_G76, [000002485EB67F00][000002485C8FCA80 49] Android_Mali_G76_Vulkan, [000002485EAFFE00][000002485C900D40 49] Android_Mali_G77, [000002485EB67B00][000002485C905000 49] Android_Mali_G77_Vulkan, [000002485EAFE000][000002485C9092C0 49] Android_Mali_G78, [000002485EB66300][000002485C911580 49] Android_Mali_G78_Vulkan, [000002485EAFEF00][000002485C915840 49] Android_Mali_G710, [000002485EB64600][000002485CBDDB00 49] Android_Mali_G710_Vulkan, [000002485EAFEE00][000002485C8F0200 49] Android_Vulkan_SM5, [000002485EB66C00][000002485CC024C0 49] Android_PowerVR_G6xxx, [000002485EAFCE00][000002485CC0A780 49] Android_PowerVR_GT7xxx, [000002485EB65B00][000002485CC0EA40 49] Android_PowerVR_GE8xxx, [000002485EAFE200][000002485CC12D00 49] Android_PowerVR_GM9xxx, [000002485EB66F00][000002485CC16FC0 49] Android_PowerVR_GM9xxx_Vulkan, [000002485EAFFC00][000002485CC41280 49] Android_TegraK1, [000002485EB66500][000002485CB05540 49] Android_Unknown_Vulkan, [000002485EAFC500][000002485CB0D800 49] Lumin, [000002485EB66400][000002485CC6DAC0 49] Lumin_Desktop, [000002485EAFD100][000002485CBFE1C0 49] HoloLens, 
[2022.07.17-09.10.19:870][  0]LogMeshReduction: Using QuadricMeshReduction for automatic static mesh reduction
[2022.07.17-09.10.19:870][  0]LogMeshReduction: Using SimplygonMeshReduction for automatic skeletal mesh reduction
[2022.07.17-09.10.19:870][  0]LogMeshReduction: Using ProxyLODMeshReduction for automatic mesh merging
[2022.07.17-09.10.19:870][  0]LogMeshReduction: No distributed automatic mesh merging module available
[2022.07.17-09.10.19:870][  0]LogMeshMerging: No distributed automatic mesh merging module available
[2022.07.17-09.10.19:885][  0]LogNetVersion: Project1_Map 1.0.0, NetCL: 17155196, EngineNetVer: 17, GameNetVer: 0 (Checksum: 3009300692)
[2022.07.17-09.10.20:201][  0]LogTexture: Default maximum texture size for cubemaps generated from long-lat sources has been changed from 512 to unlimited. In order to preserve old behaiour for '/Engine/MapTemplates/Sky/DaylightAmbientCubemap.DaylightAmbientCubemap', its maximum texture size has been explicitly set to 512.
[2022.07.17-09.10.20:247][  0]LogHMD: PokeAHoleMaterial loaded successfully
[2022.07.17-09.10.20:251][  0]LogUObjectArray: 17178 objects as part of root set at end of initial load.
[2022.07.17-09.10.20:251][  0]LogUObjectAllocator: 4302048 out of 0 bytes used by permanent object pool.
[2022.07.17-09.10.20:251][  0]LogUObjectArray: CloseDisregardForGC: 0/0 objects in disregard for GC pool
[2022.07.17-09.10.20:415][  0]LogNiagaraDebuggerClient: Niagara Debugger Client Initialized | Session: D665B52D4B98B5E77DA826AE20586088 | Instance: E6F6F41E4C85E7CC48DC618E07F0C55D (HOLYWATER-27844).
[2022.07.17-09.10.20:618][  0]LogPython: Using Python 3.7.7
[2022.07.17-09.10.21:010][  0]LogUdpMessaging: Initializing bridge on interface 0.0.0.0:0 to multicast group 230.0.0.1:6666.
[2022.07.17-09.10.21:016][  0]LogTcpMessaging: Initializing TcpMessaging bridge
[2022.07.17-09.10.21:114][  0]SourceControl: Source control is disabled
[2022.07.17-09.10.21:114][  0]SourceControl: Source control is disabled
[2022.07.17-09.10.21:117][  0]SourceControl: Source control is disabled
[2022.07.17-09.10.21:129][  0]SourceControl: Source control is disabled
[2022.07.17-09.10.21:132][  0]SourceControl: Source control is disabled
[2022.07.17-09.10.21:137][  0]LogUProjectInfo: Found projects:
[2022.07.17-09.10.21:343][  0]LogOpenImageDenoise: OIDN starting up
[2022.07.17-09.10.21:379][  0]LogAndroidPermission: UAndroidPermissionCallbackProxy::GetInstance
[2022.07.17-09.10.21:404][  0]LogAudioCaptureCore: Display: No Audio Capture implementations found. Audio input will be silent.
[2022.07.17-09.10.21:404][  0]LogAudioCaptureCore: Display: No Audio Capture implementations found. Audio input will be silent.
[2022.07.17-09.10.21:551][  0]LogCollectionManager: Loaded 0 collections in 0.001643 seconds
[2022.07.17-09.10.21:570][  0]LogFileCache: Scanning file cache for directory 'C:/Users/78h/OneDrive/Documents/Unreal Projects/DragonGame2/UEeditor/Project1_Map/Saved/Collections/' took 0.00s
[2022.07.17-09.10.21:570][  0]LogFileCache: Scanning file cache for directory 'C:/Users/78h/OneDrive/Documents/Unreal Projects/DragonGame2/UEeditor/Project1_Map/Content/Developers/78h/Collections/' took 0.00s
[2022.07.17-09.10.21:570][  0]LogFileCache: Scanning file cache for directory 'C:/Users/78h/OneDrive/Documents/Unreal Projects/DragonGame2/UEeditor/Project1_Map/Content/Collections/' took 0.00s
[2022.07.17-09.10.21:570][  0]LogOcInput: OculusInput pre-init called
[2022.07.17-09.10.21:809][  0]LogEngine: Initializing Engine...
[2022.07.17-09.10.21:844][  0]LogHMD: Optional extension XR_VARJO_quad_views is not available
[2022.07.17-09.10.21:844][  0]LogHMD: Warning: Required extension XR_EXT_eye_gaze_interaction is not available
[2022.07.17-09.10.21:844][  0]LogHMD: Could not enable all required OpenXR extensions for OpenXREyeTracker on current system. This plugin will be loaded but ignored, but will be enabled on a target platform that supports the required extension.
[2022.07.17-09.10.21:845][  0]LogHMD: Failed to get an OpenXR system, result is XR_ERROR_FORM_FACTOR_UNAVAILABLE. Please check that your runtime supports VR headsets.
[2022.07.17-09.10.21:845][  0]LogHMD: Failed to initialize OpenVR with code 110
[2022.07.17-09.10.21:845][  0]LogMagicLeap: Warning: VR disabled because ZI is not enabled.  To enable, in the editor, Edit -> Project Settings -> Plugins -> Magic Leap Plugin -> Enable Zero Iteration
[2022.07.17-09.10.21:846][  0]LogStats: UGameplayTagsManager::InitializeManager -  0.000 s
[2022.07.17-09.10.21:945][  0]LogInit: Initializing FReadOnlyCVARCache
[2022.07.17-09.10.21:953][  0]LogAIModule: Creating AISystem for world Untitled
[2022.07.17-09.10.21:954][  0]LogAudio: Display: Initializing Audio Device Manager...
[2022.07.17-09.10.21:956][  0]LogAudio: Display: Loading Default Audio Settings Objects...
[2022.07.17-09.10.21:956][  0]LogAudio: Display: No default SoundConcurrencyObject specified (or failed to load).
[2022.07.17-09.10.21:957][  0]LogAudio: Display: Audio Device Manager Initialized
[2022.07.17-09.10.21:957][  0]LogAudio: Display: Creating Audio Device:                 Id: 1, Scope: Shared, Realtime: True
[2022.07.17-09.10.21:957][  0]LogAudioMixer: Display: Audio Mixer Platform Settings:
[2022.07.17-09.10.21:957][  0]LogAudioMixer: Display: 	Sample Rate:						  48000
[2022.07.17-09.10.21:957][  0]LogAudioMixer: Display: 	Callback Buffer Frame Size Requested: 1024
[2022.07.17-09.10.21:957][  0]LogAudioMixer: Display: 	Callback Buffer Frame Size To Use:	  1024
[2022.07.17-09.10.21:957][  0]LogAudioMixer: Display: 	Number of buffers to queue:			  2
[2022.07.17-09.10.21:957][  0]LogAudioMixer: Display: 	Max Channels (voices):				  32
[2022.07.17-09.10.21:957][  0]LogAudioMixer: Display: 	Number of Async Source Workers:		  0
[2022.07.17-09.10.21:957][  0]LogAudio: Display: AudioDevice MaxSources: 32
[2022.07.17-09.10.21:957][  0]LogAudio: Display: Audio Spatialization Plugin: None (built-in).
[2022.07.17-09.10.21:957][  0]LogAudio: Display: Audio Reverb Plugin: None (built-in).
[2022.07.17-09.10.21:957][  0]LogAudio: Display: Audio Occlusion Plugin: None (built-in).
[2022.07.17-09.10.21:957][  0]LogAudioMixer: Display: Initializing audio mixer.
[2022.07.17-09.10.21:964][  0]LogAudioMixer: Display: 0: FrontLeft
[2022.07.17-09.10.21:964][  0]LogAudioMixer: Display: 1: FrontRight
[2022.07.17-09.10.21:987][  0]LogAudioMixer: Display: Using Audio Device LG ULTRAFINE(NVIDIA High Definition Audio)
[2022.07.17-09.10.21:987][  0]LogAudioMixer: Display: Initializing Sound Submixes...
[2022.07.17-09.10.21:988][  0]LogAudioMixer: Display: Creating Master Submix 'MasterSubmixDefault'
[2022.07.17-09.10.21:988][  0]LogAudioMixer: Display: Creating Master Submix 'MasterReverbSubmixDefault'
[2022.07.17-09.10.21:989][  0]LogAudioMixer: Display: Creating Master Submix 'MasterEQSubmixDefault'
[2022.07.17-09.10.21:989][  0]LogAudioMixer: FMixerPlatformXAudio2::StartAudioStream() called
[2022.07.17-09.10.21:989][  0]LogAudioMixer: Display: Output buffers initialized: Frames=1024, Channels=2, Samples=2048
[2022.07.17-09.10.21:990][  0]LogAudioMixer: Display: Starting AudioMixerPlatformInterface::RunInternal()
[2022.07.17-09.10.21:990][  0]LogAudioMixer: Display: FMixerPlatformXAudio2::SubmitBuffer() called for the first time
[2022.07.17-09.10.21:990][  0]LogInit: FAudioDevice initialized.
[2022.07.17-09.10.21:990][  0]LogAudio: Display: Audio Device (ID: 1) registered with world 'Untitled'.
[2022.07.17-09.10.21:990][  0]LogNetVersion: Set ProjectVersion to 1.0.0.0. Version Checksum will be recalculated on next use.
[2022.07.17-09.10.22:031][  0]LogDerivedDataCache: Saved boot cache 0.04s 94MB C:/Users/78h/AppData/Local/UnrealEngine/4.27/DerivedDataCache/Boot.ddc.
[2022.07.17-09.10.22:031][  0]LogInit: Texture streaming: Enabled
[2022.07.17-09.10.22:040][  0]LogAnalytics: Display: [UEEditor.Rocket.Release] APIServer = https://datarouter.ol.epicgames.com/. AppVersion = 4.27.2-18319896+++UE4+Release-4.27
[2022.07.17-09.10.22:043][  0]LogEngineSessionManager: EngineSessionManager initialized
[2022.07.17-09.10.22:043][  0]LogEditorSessionSummary: Verbose: Initializing EditorSessionSummaryWriter for editor session tracking
[2022.07.17-09.10.22:044][  0]LogEditorSessionSummary: EditorSessionSummaryWriter initialized
[2022.07.17-09.10.22:065][  0]LogInit: Transaction tracking system initialized
[2022.07.17-09.10.22:081][  0]BlueprintLog: New page: Editor Load
[2022.07.17-09.10.22:125][  0]LocalizationService: Localization service is disabled
[2022.07.17-09.10.22:143][  0]TimingProfiler: Initialize
[2022.07.17-09.10.22:144][  0]TimingProfiler: OnSessionChanged
[2022.07.17-09.10.22:144][  0]LoadingProfiler: Initialize
[2022.07.17-09.10.22:144][  0]LoadingProfiler: OnSessionChanged
[2022.07.17-09.10.22:144][  0]NetworkingProfiler: Initialize
[2022.07.17-09.10.22:144][  0]NetworkingProfiler: OnSessionChanged
[2022.07.17-09.10.22:144][  0]MemoryProfiler: Initialize
[2022.07.17-09.10.22:144][  0]MemoryProfiler: OnSessionChanged
[2022.07.17-09.10.22:269][  0]LogCook: Display: CookSettings for Memory: MemoryMaxUsedVirtual 0MiB, MemoryMaxUsedPhysical 16384MiB, MemoryMinFreeVirtual 0MiB, MemoryMinFreePhysical 1024MiB
[2022.07.17-09.10.22:269][  0]LogCook: Display: Mobile HDR setting 1
[2022.07.17-09.10.22:395][  0]LogFileCache: Scanning file cache for directory 'C:/Users/78h/OneDrive/Documents/Unreal Projects/DragonGame2/UEeditor/Project1_Map/Content/' took 0.04s
[2022.07.17-09.10.22:596][  0]LogInit: Display: Engine is initialized. Leaving FEngineLoop::Init()
[2022.07.17-09.10.22:598][  0]SourceControl: Source control is disabled
[2022.07.17-09.10.22:598][  0]LogUnrealEdMisc: Loading editor; pre map load, took 6.236
[2022.07.17-09.10.22:598][  0]Cmd: MAP LOAD FILE="../../../../../../Users/78h/OneDrive/Documents/Unreal Projects/DragonGame2/UEeditor/Project1_Map/Content/SS_LevelMap/Maps/DragonGame.umap" TEMPLATE=0 SHOWPROGRESS=1 FEATURELEVEL=3
[2022.07.17-09.10.22:599][  0]LightingResults: New page: Lighting Build
[2022.07.17-09.10.22:600][  0]LogWorld: UWorld::CleanupWorld for Untitled, bSessionEnded=true, bCleanupResources=true
[2022.07.17-09.10.22:600][  0]LogSlate: InvalidateAllWidgets triggered.  All widgets were invalidated
[2022.07.17-09.10.22:600][  0]MapCheck: New page: Map Check
[2022.07.17-09.10.22:600][  0]LightingResults: New page: Lighting Build
[2022.07.17-09.10.22:605][  0]LogAudio: Display: Audio Device unregistered from world 'None'.
[2022.07.17-09.10.22:607][  0]LogUObjectHash: Compacting FUObjectHashTables data took   0.67ms
[2022.07.17-09.10.24:282][  0]LogTexture: Default maximum texture size for cubemaps generated from long-lat sources has been changed from 512 to unlimited. In order to preserve old behaiour for '/Game/UltraDynamicSky/Textures/Flat_Cubemaps/Flat_PartlyCloudy.Flat_PartlyCloudy', its maximum texture size has been explicitly set to 512.
[2022.07.17-09.10.24:282][  0]LogTexture: Default maximum texture size for cubemaps generated from long-lat sources has been changed from 512 to unlimited. In order to preserve old behaiour for '/Game/UltraDynamicSky/Textures/Flat_Cubemaps/Flat_Overcast.Flat_Overcast', its maximum texture size has been explicitly set to 512.
[2022.07.17-09.10.24:282][  0]LogTexture: Default maximum texture size for cubemaps generated from long-lat sources has been changed from 512 to unlimited. In order to preserve old behaiour for '/Game/UltraDynamicSky/Textures/Flat_Cubemaps/Flat_Clear.Flat_Clear', its maximum texture size has been explicitly set to 512.
[2022.07.17-09.10.24:497][  0]LogTexture: Display: Building textures: 3D_Cells_64 (BGRA8, 64X64)
[2022.07.17-09.10.24:506][  0]LogTexture: Display: Building textures: 3D_Cells_32 (BGRA8, 32X32)
[2022.07.17-09.10.24:853][  0]LogTexture: Display: Building textures: 3DCells_128 (BGRA8, 128X128)
[2022.07.17-09.10.25:522][  0]LogAudio: Display: Audio Device (ID: 1) registered with world 'DragonGame'.
[2022.07.17-09.10.25:522][  0]LogAIModule: Creating AISystem for world DragonGame
[2022.07.17-09.10.25:552][  0]Cmd: r.VolumetricCloud.DistanceToSampleMaxCount 6.0
[2022.07.17-09.10.25:552][  0]r.VolumetricCloud.DistanceToSampleMaxCount = "6"
[2022.07.17-09.10.25:553][  0]Cmd: r.VolumetricRenderTarget.Mode 2
[2022.07.17-09.10.25:553][  0]r.VolumetricRenderTarget.Mode = "2"
[2022.07.17-09.10.25:553][  0]Cmd: r.VolumetricRenderTarget 1
[2022.07.17-09.10.25:553][  0]r.VolumetricRenderTarget = "1"
[2022.07.17-09.10.25:553][  0]Cmd: r.LightFunctionQuality 1
[2022.07.17-09.10.25:553][  0]r.LightFunctionQuality = "1"
[2022.07.17-09.10.25:554][  0]Cmd: r.SkyLight.RealTimeReflectionCapture 1
[2022.07.17-09.10.25:554][  0]r.SkyLight.RealTimeReflectionCapture = "1"
[2022.07.17-09.10.25:554][  0]Cmd: r.SkyLight.RealTimeReflectionCapture.TimeSlice 1
[2022.07.17-09.10.25:554][  0]r.SkyLight.RealTimeReflectionCapture.TimeSlice = "1"
[2022.07.17-09.10.25:554][  0]Cmd: r.EyeAdaptation.BlackHistogramBucketInfluence 0.5
[2022.07.17-09.10.25:554][  0]r.EyeAdaptation.BlackHistogramBucketInfluence = "0.5"
[2022.07.17-09.10.25:555][  0]LogEditorServer: Finished looking for orphan Actors (0.000 secs)
[2022.07.17-09.10.25:583][  0]LogUObjectHash: Compacting FUObjectHashTables data took   1.30ms
[2022.07.17-09.10.25:585][  0]Cmd: MAP CHECKDEP NOCLEARLOG
[2022.07.17-09.10.25:585][  0]MapCheck: Map check complete: 0 Error(s), 0 Warning(s), took 0.161ms to complete.
[2022.07.17-09.10.25:585][  0]LogFileHelpers: Loading map 'DragonGame' took 2.986
[2022.07.17-09.10.25:586][  0]LogUnrealEdMisc: Total Editor Startup Time, took 9.224
[2022.07.17-09.10.25:674][  0]LogSlate: Updating window title bar state: overlay mode, drag disabled, window buttons hidden, title bar hidden
[2022.07.17-09.10.25:679][  0]LogSlate: Updating window title bar state: overlay mode, drag disabled, window buttons hidden, title bar hidden
[2022.07.17-09.10.25:682][  0]LogSlate: Updating window title bar state: overlay mode, drag disabled, window buttons hidden, title bar hidden
[2022.07.17-09.10.25:687][  0]LogSlate: Updating window title bar state: overlay mode, drag disabled, window buttons hidden, title bar hidden
[2022.07.17-09.10.25:697][  0]LogNativeClassHierarchy: Verbose: Native class hierarchy populated in 0.0069 seconds. Added 3833 classes and 936 folders.
[2022.07.17-09.10.25:698][  0]LogNativeClassHierarchy: Verbose: Native class hierarchy updated for 'WidgetCarousel' in 0.0002 seconds. Added 0 classes and 0 folders.
[2022.07.17-09.10.25:699][  0]LogPakFile: PakFile PrimaryIndexSize=187
[2022.07.17-09.10.25:699][  0]LogPakFile: PakFile PathHashIndexSize=101
[2022.07.17-09.10.25:699][  0]LogPakFile: PakFile FullDirectoryIndexSize=148
[2022.07.17-09.10.25:699][  0]LogShaderLibrary: Display: ShaderCodeLibraryPakFileMountedCallback: PakFile 'C:/Program Files/Epic Games/UE_4.27/FeaturePacks/FP_FirstPerson.upack' (chunk index -1, root 'root:/') mounted
[2022.07.17-09.10.25:699][  0]LogShaderLibrary: Display: ShaderCodeLibraryPakFileMountedCallback: pending pak file info (ChunkID:-1 Root:root:/ File:C:/Program Files/Epic Games/UE_4.27/FeaturePacks/FP_FirstPerson.upack)
[2022.07.17-09.10.25:699][  0]LogPakFile: OnPakFileMounted2Time == 0.000045
[2022.07.17-09.10.25:700][  0]LogPakFile: PakFile PrimaryIndexSize=189
[2022.07.17-09.10.25:700][  0]LogPakFile: PakFile PathHashIndexSize=101
[2022.07.17-09.10.25:700][  0]LogPakFile: PakFile FullDirectoryIndexSize=152
[2022.07.17-09.10.25:700][  0]LogShaderLibrary: Display: ShaderCodeLibraryPakFileMountedCallback: PakFile 'C:/Program Files/Epic Games/UE_4.27/FeaturePacks/FP_FirstPersonBP.upack' (chunk index -1, root 'root:/') mounted
[2022.07.17-09.10.25:700][  0]LogShaderLibrary: Display: ShaderCodeLibraryPakFileMountedCallback: pending pak file info (ChunkID:-1 Root:root:/ File:C:/Program Files/Epic Games/UE_4.27/FeaturePacks/FP_FirstPersonBP.upack)
[2022.07.17-09.10.25:700][  0]LogPakFile: OnPakFileMounted2Time == 0.000028
[2022.07.17-09.10.25:700][  0]LogPakFile: PakFile PrimaryIndexSize=191
[2022.07.17-09.10.25:700][  0]LogPakFile: PakFile PathHashIndexSize=101
[2022.07.17-09.10.25:700][  0]LogPakFile: PakFile FullDirectoryIndexSize=160
[2022.07.17-09.10.25:700][  0]LogShaderLibrary: Display: ShaderCodeLibraryPakFileMountedCallback: PakFile 'C:/Program Files/Epic Games/UE_4.27/FeaturePacks/MobileStarterContent.upack' (chunk index -1, root 'root:/') mounted
[2022.07.17-09.10.25:700][  0]LogShaderLibrary: Display: ShaderCodeLibraryPakFileMountedCallback: pending pak file info (ChunkID:-1 Root:root:/ File:C:/Program Files/Epic Games/UE_4.27/FeaturePacks/MobileStarterContent.upack)
[2022.07.17-09.10.25:700][  0]LogPakFile: OnPakFileMounted2Time == 0.000020
[2022.07.17-09.10.25:701][  0]LogPakFile: PakFile PrimaryIndexSize=185
[2022.07.17-09.10.25:701][  0]LogPakFile: PakFile PathHashIndexSize=101
[2022.07.17-09.10.25:701][  0]LogPakFile: PakFile FullDirectoryIndexSize=148
[2022.07.17-09.10.25:701][  0]LogShaderLibrary: Display: ShaderCodeLibraryPakFileMountedCallback: PakFile 'C:/Program Files/Epic Games/UE_4.27/FeaturePacks/StarterContent.upack' (chunk index -1, root 'root:/') mounted
[2022.07.17-09.10.25:701][  0]LogShaderLibrary: Display: ShaderCodeLibraryPakFileMountedCallback: pending pak file info (ChunkID:-1 Root:root:/ File:C:/Program Files/Epic Games/UE_4.27/FeaturePacks/StarterContent.upack)
[2022.07.17-09.10.25:701][  0]LogPakFile: OnPakFileMounted2Time == 0.000021
[2022.07.17-09.10.25:701][  0]LogPakFile: PakFile PrimaryIndexSize=190
[2022.07.17-09.10.25:701][  0]LogPakFile: PakFile PathHashIndexSize=101
[2022.07.17-09.10.25:701][  0]LogPakFile: PakFile FullDirectoryIndexSize=154
[2022.07.17-09.10.25:701][  0]LogShaderLibrary: Display: ShaderCodeLibraryPakFileMountedCallback: PakFile 'C:/Program Files/Epic Games/UE_4.27/FeaturePacks/TP_2DSideScroller.upack' (chunk index -1, root 'root:/') mounted
[2022.07.17-09.10.25:701][  0]LogShaderLibrary: Display: ShaderCodeLibraryPakFileMountedCallback: pending pak file info (ChunkID:-1 Root:root:/ File:C:/Program Files/Epic Games/UE_4.27/FeaturePacks/TP_2DSideScroller.upack)
[2022.07.17-09.10.25:701][  0]LogPakFile: OnPakFileMounted2Time == 0.000019
[2022.07.17-09.10.25:701][  0]LogPakFile: PakFile PrimaryIndexSize=192
[2022.07.17-09.10.25:701][  0]LogPakFile: PakFile PathHashIndexSize=101
[2022.07.17-09.10.25:701][  0]LogPakFile: PakFile FullDirectoryIndexSize=158
[2022.07.17-09.10.25:701][  0]LogShaderLibrary: Display: ShaderCodeLibraryPakFileMountedCallback: PakFile 'C:/Program Files/Epic Games/UE_4.27/FeaturePacks/TP_2DSideScrollerBP.upack' (chunk index -1, root 'root:/') mounted
[2022.07.17-09.10.25:701][  0]LogShaderLibrary: Display: ShaderCodeLibraryPakFileMountedCallback: pending pak file info (ChunkID:-1 Root:root:/ File:C:/Program Files/Epic Games/UE_4.27/FeaturePacks/TP_2DSideScrollerBP.upack)
[2022.07.17-09.10.25:701][  0]LogPakFile: OnPakFileMounted2Time == 0.000018
[2022.07.17-09.10.25:702][  0]LogPakFile: PakFile PrimaryIndexSize=182
[2022.07.17-09.10.25:702][  0]LogPakFile: PakFile PathHashIndexSize=101
[2022.07.17-09.10.25:702][  0]LogPakFile: PakFile FullDirectoryIndexSize=138
[2022.07.17-09.10.25:702][  0]LogShaderLibrary: Display: ShaderCodeLibraryPakFileMountedCallback: PakFile 'C:/Program Files/Epic Games/UE_4.27/FeaturePacks/TP_Flying.upack' (chunk index -1, root 'root:/') mounted
[2022.07.17-09.10.25:702][  0]LogShaderLibrary: Display: ShaderCodeLibraryPakFileMountedCallback: pending pak file info (ChunkID:-1 Root:root:/ File:C:/Program Files/Epic Games/UE_4.27/FeaturePacks/TP_Flying.upack)
[2022.07.17-09.10.25:702][  0]LogPakFile: OnPakFileMounted2Time == 0.000022
[2022.07.17-09.10.25:702][  0]LogPakFile: PakFile PrimaryIndexSize=184
[2022.07.17-09.10.25:702][  0]LogPakFile: PakFile PathHashIndexSize=101
[2022.07.17-09.10.25:702][  0]LogPakFile: PakFile FullDirectoryIndexSize=142
[2022.07.17-09.10.25:702][  0]LogShaderLibrary: Display: ShaderCodeLibraryPakFileMountedCallback: PakFile 'C:/Program Files/Epic Games/UE_4.27/FeaturePacks/TP_FlyingBP.upack' (chunk index -1, root 'root:/') mounted
[2022.07.17-09.10.25:702][  0]LogShaderLibrary: Display: ShaderCodeLibraryPakFileMountedCallback: pending pak file info (ChunkID:-1 Root:root:/ File:C:/Program Files/Epic Games/UE_4.27/FeaturePacks/TP_FlyingBP.upack)
[2022.07.17-09.10.25:702][  0]LogPakFile: OnPakFileMounted2Time == 0.000019
[2022.07.17-09.10.25:702][  0]LogPakFile: PakFile PrimaryIndexSize=188
[2022.07.17-09.10.25:702][  0]LogPakFile: PakFile PathHashIndexSize=101
[2022.07.17-09.10.25:702][  0]LogPakFile: PakFile FullDirectoryIndexSize=150
[2022.07.17-09.10.25:702][  0]LogShaderLibrary: Display: ShaderCodeLibraryPakFileMountedCallback: PakFile 'C:/Program Files/Epic Games/UE_4.27/FeaturePacks/TP_HandheldARBP.upack' (chunk index -1, root 'root:/') mounted
[2022.07.17-09.10.25:702][  0]LogShaderLibrary: Display: ShaderCodeLibraryPakFileMountedCallback: pending pak file info (ChunkID:-1 Root:root:/ File:C:/Program Files/Epic Games/UE_4.27/FeaturePacks/TP_HandheldARBP.upack)
[2022.07.17-09.10.25:702][  0]LogPakFile: OnPakFileMounted2Time == 0.000019
[2022.07.17-09.10.25:703][  0]LogPakFile: PakFile PrimaryIndexSize=182
[2022.07.17-09.10.25:703][  0]LogPakFile: PakFile PathHashIndexSize=101
[2022.07.17-09.10.25:703][  0]LogPakFile: PakFile FullDirectoryIndexSize=138
[2022.07.17-09.10.25:703][  0]LogShaderLibrary: Display: ShaderCodeLibraryPakFileMountedCallback: PakFile 'C:/Program Files/Epic Games/UE_4.27/FeaturePacks/TP_Puzzle.upack' (chunk index -1, root 'root:/') mounted
[2022.07.17-09.10.25:703][  0]LogShaderLibrary: Display: ShaderCodeLibraryPakFileMountedCallback: pending pak file info (ChunkID:-1 Root:root:/ File:C:/Program Files/Epic Games/UE_4.27/FeaturePacks/TP_Puzzle.upack)
[2022.07.17-09.10.25:703][  0]LogPakFile: OnPakFileMounted2Time == 0.000019
[2022.07.17-09.10.25:703][  0]LogPakFile: PakFile PrimaryIndexSize=184
[2022.07.17-09.10.25:703][  0]LogPakFile: PakFile PathHashIndexSize=101
[2022.07.17-09.10.25:703][  0]LogPakFile: PakFile FullDirectoryIndexSize=142
[2022.07.17-09.10.25:703][  0]LogShaderLibrary: Display: ShaderCodeLibraryPakFileMountedCallback: PakFile 'C:/Program Files/Epic Games/UE_4.27/FeaturePacks/TP_PuzzleBP.upack' (chunk index -1, root 'root:/') mounted
[2022.07.17-09.10.25:703][  0]LogShaderLibrary: Display: ShaderCodeLibraryPakFileMountedCallback: pending pak file info (ChunkID:-1 Root:root:/ File:C:/Program Files/Epic Games/UE_4.27/FeaturePacks/TP_PuzzleBP.upack)
[2022.07.17-09.10.25:703][  0]LogPakFile: OnPakFileMounted2Time == 0.000018
[2022.07.17-09.10.25:703][  0]LogPakFile: PakFile PrimaryIndexSize=183
[2022.07.17-09.10.25:703][  0]LogPakFile: PakFile PathHashIndexSize=101
[2022.07.17-09.10.25:703][  0]LogPakFile: PakFile FullDirectoryIndexSize=140
[2022.07.17-09.10.25:703][  0]LogShaderLibrary: Display: ShaderCodeLibraryPakFileMountedCallback: PakFile 'C:/Program Files/Epic Games/UE_4.27/FeaturePacks/TP_Rolling.upack' (chunk index -1, root 'root:/') mounted
[2022.07.17-09.10.25:703][  0]LogShaderLibrary: Display: ShaderCodeLibraryPakFileMountedCallback: pending pak file info (ChunkID:-1 Root:root:/ File:C:/Program Files/Epic Games/UE_4.27/FeaturePacks/TP_Rolling.upack)
[2022.07.17-09.10.25:703][  0]LogPakFile: OnPakFileMounted2Time == 0.000019
[2022.07.17-09.10.25:704][  0]LogPakFile: PakFile PrimaryIndexSize=185
[2022.07.17-09.10.25:704][  0]LogPakFile: PakFile PathHashIndexSize=101
[2022.07.17-09.10.25:704][  0]LogPakFile: PakFile FullDirectoryIndexSize=144
[2022.07.17-09.10.25:704][  0]LogShaderLibrary: Display: ShaderCodeLibraryPakFileMountedCallback: PakFile 'C:/Program Files/Epic Games/UE_4.27/FeaturePacks/TP_RollingBP.upack' (chunk index -1, root 'root:/') mounted
[2022.07.17-09.10.25:704][  0]LogShaderLibrary: Display: ShaderCodeLibraryPakFileMountedCallback: pending pak file info (ChunkID:-1 Root:root:/ File:C:/Program Files/Epic Games/UE_4.27/FeaturePacks/TP_RollingBP.upack)
[2022.07.17-09.10.25:704][  0]LogPakFile: OnPakFileMounted2Time == 0.000018
[2022.07.17-09.10.25:704][  0]LogPakFile: PakFile PrimaryIndexSize=188
[2022.07.17-09.10.25:704][  0]LogPakFile: PakFile PathHashIndexSize=101
[2022.07.17-09.10.25:704][  0]LogPakFile: PakFile FullDirectoryIndexSize=150
[2022.07.17-09.10.25:704][  0]LogShaderLibrary: Display: ShaderCodeLibraryPakFileMountedCallback: PakFile 'C:/Program Files/Epic Games/UE_4.27/FeaturePacks/TP_SideScroller.upack' (chunk index -1, root 'root:/') mounted
[2022.07.17-09.10.25:704][  0]LogShaderLibrary: Display: ShaderCodeLibraryPakFileMountedCallback: pending pak file info (ChunkID:-1 Root:root:/ File:C:/Program Files/Epic Games/UE_4.27/FeaturePacks/TP_SideScroller.upack)
[2022.07.17-09.10.25:704][  0]LogPakFile: OnPakFileMounted2Time == 0.000018
[2022.07.17-09.10.25:704][  0]LogPakFile: PakFile PrimaryIndexSize=190
[2022.07.17-09.10.25:704][  0]LogPakFile: PakFile PathHashIndexSize=101
[2022.07.17-09.10.25:704][  0]LogPakFile: PakFile FullDirectoryIndexSize=154
[2022.07.17-09.10.25:704][  0]LogShaderLibrary: Display: ShaderCodeLibraryPakFileMountedCallback: PakFile 'C:/Program Files/Epic Games/UE_4.27/FeaturePacks/TP_SideScrollerBP.upack' (chunk index -1, root 'root:/') mounted
[2022.07.17-09.10.25:704][  0]LogShaderLibrary: Display: ShaderCodeLibraryPakFileMountedCallback: pending pak file info (ChunkID:-1 Root:root:/ File:C:/Program Files/Epic Games/UE_4.27/FeaturePacks/TP_SideScrollerBP.upack)
[2022.07.17-09.10.25:704][  0]LogPakFile: OnPakFileMounted2Time == 0.000018
[2022.07.17-09.10.25:705][  0]LogPakFile: PakFile PrimaryIndexSize=187
[2022.07.17-09.10.25:705][  0]LogPakFile: PakFile PathHashIndexSize=101
[2022.07.17-09.10.25:705][  0]LogPakFile: PakFile FullDirectoryIndexSize=148
[2022.07.17-09.10.25:705][  0]LogShaderLibrary: Display: ShaderCodeLibraryPakFileMountedCallback: PakFile 'C:/Program Files/Epic Games/UE_4.27/FeaturePacks/TP_ThirdPerson.upack' (chunk index -1, root 'root:/') mounted
[2022.07.17-09.10.25:705][  0]LogShaderLibrary: Display: ShaderCodeLibraryPakFileMountedCallback: pending pak file info (ChunkID:-1 Root:root:/ File:C:/Program Files/Epic Games/UE_4.27/FeaturePacks/TP_ThirdPerson.upack)
[2022.07.17-09.10.25:705][  0]LogPakFile: OnPakFileMounted2Time == 0.000019
[2022.07.17-09.10.25:705][  0]LogPakFile: PakFile PrimaryIndexSize=189
[2022.07.17-09.10.25:705][  0]LogPakFile: PakFile PathHashIndexSize=101
[2022.07.17-09.10.25:705][  0]LogPakFile: PakFile FullDirectoryIndexSize=152
[2022.07.17-09.10.25:705][  0]LogShaderLibrary: Display: ShaderCodeLibraryPakFileMountedCallback: PakFile 'C:/Program Files/Epic Games/UE_4.27/FeaturePacks/TP_ThirdPersonBP.upack' (chunk index -1, root 'root:/') mounted
[2022.07.17-09.10.25:705][  0]LogShaderLibrary: Display: ShaderCodeLibraryPakFileMountedCallback: pending pak file info (ChunkID:-1 Root:root:/ File:C:/Program Files/Epic Games/UE_4.27/FeaturePacks/TP_ThirdPersonBP.upack)
[2022.07.17-09.10.25:705][  0]LogPakFile: OnPakFileMounted2Time == 0.000018
[2022.07.17-09.10.25:705][  0]LogPakFile: PakFile PrimaryIndexSize=183
[2022.07.17-09.10.25:705][  0]LogPakFile: PakFile PathHashIndexSize=101
[2022.07.17-09.10.25:705][  0]LogPakFile: PakFile FullDirectoryIndexSize=140
[2022.07.17-09.10.25:705][  0]LogShaderLibrary: Display: ShaderCodeLibraryPakFileMountedCallback: PakFile 'C:/Program Files/Epic Games/UE_4.27/FeaturePacks/TP_TopDown.upack' (chunk index -1, root 'root:/') mounted
[2022.07.17-09.10.25:705][  0]LogShaderLibrary: Display: ShaderCodeLibraryPakFileMountedCallback: pending pak file info (ChunkID:-1 Root:root:/ File:C:/Program Files/Epic Games/UE_4.27/FeaturePacks/TP_TopDown.upack)
[2022.07.17-09.10.25:705][  0]LogPakFile: OnPakFileMounted2Time == 0.000024
[2022.07.17-09.10.25:705][  0]LogPakFile: PakFile PrimaryIndexSize=185
[2022.07.17-09.10.25:705][  0]LogPakFile: PakFile PathHashIndexSize=101
[2022.07.17-09.10.25:705][  0]LogPakFile: PakFile FullDirectoryIndexSize=144
[2022.07.17-09.10.25:705][  0]LogShaderLibrary: Display: ShaderCodeLibraryPakFileMountedCallback: PakFile 'C:/Program Files/Epic Games/UE_4.27/FeaturePacks/TP_TopDownBP.upack' (chunk index -1, root 'root:/') mounted
[2022.07.17-09.10.25:705][  0]LogShaderLibrary: Display: ShaderCodeLibraryPakFileMountedCallback: pending pak file info (ChunkID:-1 Root:root:/ File:C:/Program Files/Epic Games/UE_4.27/FeaturePacks/TP_TopDownBP.upack)
[2022.07.17-09.10.25:705][  0]LogPakFile: OnPakFileMounted2Time == 0.000019
[2022.07.17-09.10.25:706][  0]LogPakFile: PakFile PrimaryIndexSize=185
[2022.07.17-09.10.25:706][  0]LogPakFile: PakFile PathHashIndexSize=101
[2022.07.17-09.10.25:706][  0]LogPakFile: PakFile FullDirectoryIndexSize=144
[2022.07.17-09.10.25:706][  0]LogShaderLibrary: Display: ShaderCodeLibraryPakFileMountedCallback: PakFile 'C:/Program Files/Epic Games/UE_4.27/FeaturePacks/TP_TwinStick.upack' (chunk index -1, root 'root:/') mounted
[2022.07.17-09.10.25:706][  0]LogShaderLibrary: Display: ShaderCodeLibraryPakFileMountedCallback: pending pak file info (ChunkID:-1 Root:root:/ File:C:/Program Files/Epic Games/UE_4.27/FeaturePacks/TP_TwinStick.upack)
[2022.07.17-09.10.25:706][  0]LogPakFile: OnPakFileMounted2Time == 0.000019
[2022.07.17-09.10.25:706][  0]LogPakFile: PakFile PrimaryIndexSize=187
[2022.07.17-09.10.25:706][  0]LogPakFile: PakFile PathHashIndexSize=101
[2022.07.17-09.10.25:706][  0]LogPakFile: PakFile FullDirectoryIndexSize=148
[2022.07.17-09.10.25:706][  0]LogShaderLibrary: Display: ShaderCodeLibraryPakFileMountedCallback: PakFile 'C:/Program Files/Epic Games/UE_4.27/FeaturePacks/TP_TwinStickBP.upack' (chunk index -1, root 'root:/') mounted
[2022.07.17-09.10.25:706][  0]LogShaderLibrary: Display: ShaderCodeLibraryPakFileMountedCallback: pending pak file info (ChunkID:-1 Root:root:/ File:C:/Program Files/Epic Games/UE_4.27/FeaturePacks/TP_TwinStickBP.upack)
[2022.07.17-09.10.25:706][  0]LogPakFile: OnPakFileMounted2Time == 0.000018
[2022.07.17-09.10.25:706][  0]LogPakFile: PakFile PrimaryIndexSize=183
[2022.07.17-09.10.25:706][  0]LogPakFile: PakFile PathHashIndexSize=101
[2022.07.17-09.10.25:706][  0]LogPakFile: PakFile FullDirectoryIndexSize=140
[2022.07.17-09.10.25:706][  0]LogShaderLibrary: Display: ShaderCodeLibraryPakFileMountedCallback: PakFile 'C:/Program Files/Epic Games/UE_4.27/FeaturePacks/TP_Vehicle.upack' (chunk index -1, root 'root:/') mounted
[2022.07.17-09.10.25:706][  0]LogShaderLibrary: Display: ShaderCodeLibraryPakFileMountedCallback: pending pak file info (ChunkID:-1 Root:root:/ File:C:/Program Files/Epic Games/UE_4.27/FeaturePacks/TP_Vehicle.upack)
[2022.07.17-09.10.25:706][  0]LogPakFile: OnPakFileMounted2Time == 0.000021
[2022.07.17-09.10.25:707][  0]LogPakFile: PakFile PrimaryIndexSize=186
[2022.07.17-09.10.25:707][  0]LogPakFile: PakFile PathHashIndexSize=101
[2022.07.17-09.10.25:707][  0]LogPakFile: PakFile FullDirectoryIndexSize=146
[2022.07.17-09.10.25:707][  0]LogShaderLibrary: Display: ShaderCodeLibraryPakFileMountedCallback: PakFile 'C:/Program Files/Epic Games/UE_4.27/FeaturePacks/TP_VehicleAdv.upack' (chunk index -1, root 'root:/') mounted
[2022.07.17-09.10.25:707][  0]LogShaderLibrary: Display: ShaderCodeLibraryPakFileMountedCallback: pending pak file info (ChunkID:-1 Root:root:/ File:C:/Program Files/Epic Games/UE_4.27/FeaturePacks/TP_VehicleAdv.upack)
[2022.07.17-09.10.25:707][  0]LogPakFile: OnPakFileMounted2Time == 0.000029
[2022.07.17-09.10.25:707][  0]LogPakFile: PakFile PrimaryIndexSize=188
[2022.07.17-09.10.25:707][  0]LogPakFile: PakFile PathHashIndexSize=101
[2022.07.17-09.10.25:707][  0]LogPakFile: PakFile FullDirectoryIndexSize=150
[2022.07.17-09.10.25:707][  0]LogShaderLibrary: Display: ShaderCodeLibraryPakFileMountedCallback: PakFile 'C:/Program Files/Epic Games/UE_4.27/FeaturePacks/TP_VehicleAdvBP.upack' (chunk index -1, root 'root:/') mounted
[2022.07.17-09.10.25:707][  0]LogShaderLibrary: Display: ShaderCodeLibraryPakFileMountedCallback: pending pak file info (ChunkID:-1 Root:root:/ File:C:/Program Files/Epic Games/UE_4.27/FeaturePacks/TP_VehicleAdvBP.upack)
[2022.07.17-09.10.25:707][  0]LogPakFile: OnPakFileMounted2Time == 0.000020
[2022.07.17-09.10.25:707][  0]LogPakFile: PakFile PrimaryIndexSize=185
[2022.07.17-09.10.25:707][  0]LogPakFile: PakFile PathHashIndexSize=101
[2022.07.17-09.10.25:707][  0]LogPakFile: PakFile FullDirectoryIndexSize=144
[2022.07.17-09.10.25:707][  0]LogShaderLibrary: Display: ShaderCodeLibraryPakFileMountedCallback: PakFile 'C:/Program Files/Epic Games/UE_4.27/FeaturePacks/TP_VehicleBP.upack' (chunk index -1, root 'root:/') mounted
[2022.07.17-09.10.25:707][  0]LogShaderLibrary: Display: ShaderCodeLibraryPakFileMountedCallback: pending pak file info (ChunkID:-1 Root:root:/ File:C:/Program Files/Epic Games/UE_4.27/FeaturePacks/TP_VehicleBP.upack)
[2022.07.17-09.10.25:707][  0]LogPakFile: OnPakFileMounted2Time == 0.000018
[2022.07.17-09.10.25:708][  0]LogPakFile: PakFile PrimaryIndexSize=192
[2022.07.17-09.10.25:708][  0]LogPakFile: PakFile PathHashIndexSize=101
[2022.07.17-09.10.25:708][  0]LogPakFile: PakFile FullDirectoryIndexSize=158
[2022.07.17-09.10.25:708][  0]LogShaderLibrary: Display: ShaderCodeLibraryPakFileMountedCallback: PakFile 'C:/Program Files/Epic Games/UE_4.27/FeaturePacks/TP_VirtualRealityBP.upack' (chunk index -1, root 'root:/') mounted
[2022.07.17-09.10.25:708][  0]LogShaderLibrary: Display: ShaderCodeLibraryPakFileMountedCallback: pending pak file info (ChunkID:-1 Root:root:/ File:C:/Program Files/Epic Games/UE_4.27/FeaturePacks/TP_VirtualRealityBP.upack)
[2022.07.17-09.10.25:708][  0]LogPakFile: OnPakFileMounted2Time == 0.000019
[2022.07.17-09.10.25:740][  0]LogNativeClassHierarchy: Verbose: Native class hierarchy updated for 'AddContentDialog' in 0.0002 seconds. Added 0 classes and 0 folders.
[2022.07.17-09.10.25:741][  0]LogNativeClassHierarchy: Verbose: Native class hierarchy updated for 'SceneOutliner' in 0.0002 seconds. Added 2 classes and 0 folders.
[2022.07.17-09.10.25:950][  0]LogSlate: Only BGRA pngs, bmps or icos are supported in by External Image Picker
[2022.07.17-09.10.26:000][  0]LogSlate: Took 0.000101 seconds to synchronously load lazily loaded font '../../../Engine/Content/Slate/Fonts/Roboto-Regular.ttf' (155K)
[2022.07.17-09.10.26:357][  0]LogSlate: Took 0.000169 seconds to synchronously load lazily loaded font '../../../Engine/Content/Editor/Slate/Fonts/FontAwesome.ttf' (139K)
[2022.07.17-09.10.26:357][  0]LogSlate: Took 0.000106 seconds to synchronously load lazily loaded font '../../../Engine/Content/Slate/Fonts/Roboto-Bold.ttf' (160K)
[2022.07.17-09.10.26:442][  0]LogRenderer: Reallocating scene render targets to support 1696x864 Format 10 NumSamples 1 (Frame:1).
[2022.07.17-09.10.26:546][  0]LogNativeClassHierarchy: Verbose: Native class hierarchy updated for 'HierarchicalLODOutliner' in 0.0003 seconds. Added 0 classes and 0 folders.
[2022.07.17-09.10.26:546][  0]LogLoad: (Engine Initialization) Total time: 10.18 seconds
[2022.07.17-09.10.26:546][  0]LogLoad: (Engine Initialization) Total Blueprint compile time: 0.00 seconds
[2022.07.17-09.10.26:638][  0]LogContentStreaming: Texture pool size now 1000 MB
[2022.07.17-09.10.26:655][  1]LogFileCache: Retrieving MD5 hashes for directory 'C:/Users/78h/OneDrive/Documents/Unreal Projects/DragonGame2/UEeditor/Project1_Map/Content/' took 0.08s
[2022.07.17-09.10.26:711][  2]LogAssetRegistry: Asset discovery search completed in 7.2403 seconds
[2022.07.17-09.10.26:716][  2]LogCollectionManager: Fixed up redirectors for 0 collections in 0.000005 seconds (updated 0 objects)
